C:\Users\sbala\Anaconda3\python.exe C:/Users/sbala/PycharmProjects/PSO/Pswarm_Test.py
INFO:root:Solving the function using standard PSO
INFO:root:PSO result for non-segmented is (array([ -9.95104986e-01,  -1.99002688e+00,  -1.71374602e-04,
         2.98481259e+00,  -9.94982405e-01,   2.01198063e-04,
         1.99009763e+00,  -6.97864633e-05,   3.97983555e+00,
        -8.64788327e-05,   9.94981626e-01,  -1.09106535e-04,
        -1.98984476e+00,  -2.98621488e-05,   9.94860210e-01,
        -2.85505724e-05,  -3.97978392e+00,  -1.98997018e+00,
         1.73371281e-05,   7.61309875e-06,  -8.94629175e-05,
        -9.94954837e-01,  -2.98478539e+00,   3.97983035e+00,
        -1.98991367e+00,   9.94978514e-01,   2.98491455e+00,
        -1.98992690e+00,   5.76065848e-04,   5.12000000e+00,
        -9.94962890e-01,  -2.98491195e+00,  -1.98988487e+00,
        -1.98995698e+00,  -1.98985794e+00,  -3.61388549e-05,
        -1.98997691e+00,   5.12000000e+00,  -9.94989394e-01,
         2.98481803e+00,   9.94875974e-01,  -6.15096081e-05,
         4.97460326e+00,   9.95076577e-01,  -1.98984465e+00,
        -3.97983287e+00,  -9.94920771e-01,   9.88964541e-05,
        -5.12000000e+00,  -2.27976512e-05,   9.95009963e-01,
        -1.98998863e+00,  -1.98987452e+00,   3.97982827e+00,
        -1.98999038e+00,   2.98496714e+00,  -9.94946167e-01,
         4.97532714e-05,  -2.98480652e+00,  -9.95002968e-01,
        -1.36751553e-04,  -1.26949087e-04,   5.12000000e+00,
         1.46022779e-05,  -9.95177750e-01,   9.95011413e-01,
         9.94832939e-01,   1.29878606e-04,  -2.98480911e+00,
        -1.98987582e+00,  -1.98982177e+00,   8.86113071e-06,
         1.99009376e+00,  -1.98980391e+00,  -8.94541633e-05,
        -1.98991975e+00,  -2.98487015e+00,  -1.98993965e+00,
         2.98471228e+00,   1.98998774e+00,   5.12000000e+00,
         9.94951880e-01,   1.99007765e+00,   1.01007401e-04,
        -9.94971553e-01,  -9.94949403e-01,   1.72550404e-04,
        -9.95011672e-01,  -9.94991046e-01,   3.97969552e+00,
         9.94982701e-01,   9.94946704e-01,  -6.58224381e-05,
        -9.94828726e-01,   2.93922453e-05,   9.09238197e-06,
         9.95147262e-01,   9.94869915e-01,  -2.98486223e+00,
        -9.95005365e-01]), 'Stopping search: Swarm best objective change less than 1e-08', 478.92870649312204, 1106)
INFO:root:Non-segmented PSO global min 478.92870649312204
INFO:root:Solving the function using Segmented PSO
INFO:root:Dimension to be segmented : 23
INFO:root:Segmented PSO global min (array([ -1.98000693e+00,   1.99115308e+00,  -4.71483965e-03,
        -9.90321049e-01,   4.98064087e+00,  -9.93695271e-04,
         3.43256878e-04,  -5.12000000e+00,   9.98735574e-01,
        -9.92513900e-01,   9.88855206e-01,  -9.94809929e-01,
         9.98706647e-01,  -1.99137056e+00,  -4.51739467e-03,
        -1.74470459e-04,  -5.12000000e+00,  -1.98771563e+00,
        -2.98379822e+00,  -9.93075250e-01,  -9.98278170e-01,
         3.97835260e+00,   8.94106260e-03,   1.99040883e+00,
         5.12000000e+00,   1.98970678e+00,   1.98658288e+00,
         2.51294125e-04,  -3.97462339e+00,   1.98411939e+00,
         2.98650492e+00,   5.12000000e+00,  -1.99093710e+00,
         9.91918192e-01,  -1.99381666e+00,  -1.82432809e-03,
        -9.94678492e-01,   3.08556980e-03,   1.00193726e+00,
         9.98316833e-01,  -9.96439342e-01,  -2.98887613e+00,
         9.95092753e-01,  -3.27019930e-04,  -9.98025491e-01,
        -9.90206351e-01,   9.90668815e-01,   9.96138896e-01,
        -5.12000000e+00,  -5.12000000e+00,   1.99301684e+00,
         2.76278672e-03,   9.98466800e-01,   2.98411338e+00,
         9.93939101e-01,  -9.97954786e-01,   9.93658061e-01,
         5.94763523e-03,   2.98018232e+00,   1.65730983e-03,
         3.69469238e-03,   9.97697519e-01,   4.29016957e-04,
        -9.92892172e-01,  -9.93263381e-01,   9.93993226e-01,
         1.07789015e-03,   7.54236096e-04,  -3.08135009e-03,
         4.97321185e+00,   1.98529616e+00,   1.99246111e+00,
        -1.98641788e+00,  -1.98702387e+00,  -9.99049213e-01,
        -9.98915351e-01,  -1.98932081e+00,  -1.18594482e-03,
        -1.98697775e+00,  -9.93913552e-01,  -6.21730949e-03,
        -2.98336937e+00,   1.21156734e-03,   1.98438867e+00,
         1.00129634e+00,  -5.12000000e+00,   1.99026205e+00,
         3.98433062e+00,  -2.98687182e+00,  -5.16459278e-03,
         9.91561591e-01,  -1.99083262e+00,   1.98962515e+00,
        -9.95475615e-01,   2.98883534e+00,   9.94816743e-01,
        -7.28054063e-04,  -4.48594511e-04,  -1.99543064e+00,
         9.95790407e-01]), 'Stopping search: maximum iterations reached --> 600', 493.21400024694702, 600)
INFO:root:Segment number which has global min is 3
INFO:root:Solving the function using standard PSO
Total number of iterations in PSO Segmented : 3000
(493.21400024694702, 478.92870649312204, 0, 1, -14.285293753824988)
INFO:root:PSO result for non-segmented is (array([  4.97465955e+00,   9.94746660e-01,  -2.38231912e-05,
        -9.94967964e-01,   1.98988503e+00,   9.94907616e-01,
        -5.12000000e+00,   9.95004758e-01,   9.94944900e-01,
        -3.26840443e-05,   2.90528884e-05,   5.12000000e+00,
        -9.94954119e-01,  -1.73247225e-05,  -1.00747756e-04,
         9.95011915e-01,   9.94910567e-01,   3.19456845e-05,
        -1.98983893e+00,   1.98992017e+00,  -2.98487278e+00,
         2.98485610e+00,   9.94949421e-01,  -9.94952941e-01,
        -9.94974760e-01,  -3.97980397e+00,  -1.98995242e+00,
        -1.98991052e+00,   9.94994084e-01,   1.98986387e+00,
        -4.97469731e+00,  -2.98481118e+00,  -9.94906479e-01,
         1.98983229e+00,  -3.97982998e+00,  -9.94961906e-01,
        -2.98486636e+00,   4.30376918e-05,   1.98982138e+00,
        -5.12000000e+00,  -3.97981054e+00,  -9.94967335e-01,
        -9.94941586e-01,   9.94873720e-01,   2.52398976e-05,
        -9.94997780e-01,   9.94985619e-01,  -9.94998324e-01,
        -9.94996200e-01,   5.12000000e+00,  -4.97469772e+00,
        -2.98486633e+00,  -5.12000000e+00,   9.94907886e-01,
        -1.98993332e+00,  -1.05922113e-06,   5.12000000e+00,
        -2.98482866e+00,   1.98990372e+00,  -9.95029974e-01,
        -9.94949918e-01,  -5.12000000e+00,   1.19693075e-05,
         9.94898354e-01,   1.65270518e-06,  -4.24177051e-05,
         3.97981857e+00,  -3.15138687e-05,   9.94992407e-01,
         3.42683038e-05,   9.94999411e-01,   1.98986713e+00,
        -3.97991163e+00,  -9.94927052e-01,  -1.98991962e+00,
        -9.94917859e-01,   5.12000000e+00,  -2.98488947e+00,
        -1.27309866e-05,  -2.98481984e+00,  -4.68481129e-05,
         1.98991054e+00,  -9.94941950e-01,  -1.98992866e+00,
        -1.98993062e+00,  -2.53662464e-05,   1.25715348e-05,
         9.95016361e-01,  -6.21559323e-05,   5.12000000e+00,
        -9.94926819e-01,   9.94915911e-01,   2.98484624e+00,
        -1.02119589e-05,  -9.94950308e-01,  -9.95036097e-01,
        -5.12000000e+00,  -1.98995490e+00,  -6.07330224e-06,
         1.98975450e+00]), 'Stopping search: Swarm best objective change less than 1e-08', 626.53667535728755, 953)
INFO:root:Non-segmented PSO global min 626.5366753572875
INFO:root:Solving the function using Segmented PSO
INFO:root:Dimension to be segmented : 6
INFO:root:Segmented PSO global min (array([ -1.29147699e-03,  -2.98828305e+00,   5.12000000e+00,
Total number of iterations in PSO Segmented : 3000
         9.91899949e-01,   9.93687340e-01,  -1.85094088e-03,
(509.95048712204039, 626.53667535728755, 1, 0, 116.58618823524716)
         1.74533006e-03,  -2.98670542e+00,  -9.98240919e-01,
         9.96288037e-01,   9.94239975e-01,  -1.98900445e+00,
         9.92735621e-01,  -4.97955654e+00,   6.30911262e-03,
        -9.90697933e-01,  -1.98727592e+00,  -3.13434260e-03,
         9.97415875e-01,   1.98931273e+00,   4.98129920e+00,
         9.97457931e-01,  -4.97439745e+00,   2.98730378e+00,
         9.97145892e-01,   9.98971721e-01,   2.98884762e+00,
        -9.94563299e-01,  -9.91776694e-01,   9.94593657e-01,
        -2.98594643e+00,  -7.98487749e-03,   1.98987187e+00,
        -1.98876261e+00,  -5.12000000e+00,   3.42131383e-03,
         5.81871458e-03,  -5.80690466e-03,   1.99166608e+00,
        -1.98803539e+00,   9.93562336e-01,  -6.42200468e-04,
        -2.76561147e-05,   1.98514241e+00,   1.14320088e-03,
        -9.94952604e-01,  -1.79799156e-03,   9.96083503e-01,
         3.97249596e+00,   9.99393200e-01,  -1.98822195e+00,
         9.92518251e-01,   9.94059406e-01,   3.29121237e-03,
         9.90350627e-01,   9.94141625e-01,   2.34410278e-03,
         1.25917671e-03,  -3.25845508e-03,  -9.90030695e-01,
        -2.98806986e+00,  -1.99015799e+00,   9.95897916e-01,
        -5.12000000e+00,  -9.93615058e-01,   5.51755590e-04,
        -9.97293359e-01,   4.97605036e+00,  -9.91944210e-01,
        -4.48323010e-04,  -9.96390315e-01,   9.92900170e-01,
         1.98945327e+00,   2.98215527e+00,  -2.93530795e-03,
         2.98710681e+00,   3.98096921e+00,   1.61570034e-03,
        -9.99564520e-01,   1.00290554e-03,   5.12000000e+00,
         4.97525125e+00,  -2.98064121e+00,   1.32311180e-03,
         1.99267044e+00,  -3.33877428e-03,   6.64969061e-04,
        -2.98790959e+00,   9.93341591e-01,   1.98883613e+00,
        -1.00099729e-02,  -1.00080668e+00,  -9.93994874e-01,
         2.98688868e+00,   5.12000000e+00,   7.94290041e-04,
         4.97215964e+00,   9.93002571e-01,   1.57729987e-03,
         3.83987502e-03]), 'Stopping search: maximum iterations reached --> 600', 509.95048712204039, 600)
INFO:root:Segment number which has global min is 2
INFO:root:Solving the function using standard PSO
INFO:root:PSO result for non-segmented is (array([  6.37327621e-06,   2.12905819e-06,   1.98990138e+00,
         9.94953349e-01,   1.47745805e-06,   9.94967500e-01,
         6.46320013e-06,  -1.98990685e+00,  -3.97978693e+00,
         7.02884868e-06,   2.20266699e-06,  -1.98992066e+00,
         5.12000000e+00,   1.98990558e+00,  -2.98483981e+00,
        -1.68019579e-06,   2.31768833e-06,   9.94954887e-01,
        -3.97978562e+00,  -4.97469772e+00,  -1.15729777e-06,
         1.98656585e-07,   1.98989651e+00,   1.98992086e+00,
         4.52950714e-06,   5.12000000e+00,  -9.15263019e-07,
        -3.00143911e-06,  -2.98486249e+00,  -9.94959024e-01,
        -1.98991142e+00,   4.46783342e-06,   1.98991152e+00,
         9.94961595e-01,   3.97978097e+00,   6.42571888e-07,
        -1.98991027e+00,  -9.94955188e-01,   6.01674312e-06,
        -2.98486500e+00,   9.94966695e-01,   9.94957773e-01,
         9.94961262e-01,  -1.18895523e-05,   2.63849603e-06,
        -1.16436233e-06,   9.94953822e-01,  -1.98990923e+00,
        -9.94952631e-01,   9.94931133e-01,  -4.97467975e+00,
         3.86012068e-06,   2.98481861e+00,   1.98992144e+00,
         8.59695681e-06,  -9.94963196e-01,   9.94960520e-01,
        -1.52248428e-05,  -1.98991779e+00,   9.63938210e-06,
         3.64371016e-06,  -9.94950989e-01,  -9.94969840e-01,
        -3.97978916e+00,  -9.94949449e-01,  -4.97469420e+00,
         1.98991477e+00,  -9.94954671e-01,   1.98991460e+00,
         2.98485721e+00,  -1.98992009e+00,  -5.12000000e+00,
         9.94972848e-01,   9.94961319e-01,   9.94949484e-01,
        -1.98990622e+00,  -9.94961584e-01,   2.98487349e+00,
        -9.94975293e-01,   7.22014389e-06,  -4.97469006e+00,
        -9.94951626e-01,   9.94947522e-01,  -9.46646230e-06,
         4.73566473e-07,   9.94957799e-01,  -9.94962599e-01,
         1.98990806e+00,  -2.98485864e+00,   4.97470416e+00,
        -9.39875767e-06,   2.98485850e+00,   1.98992442e+00,
        -9.94961738e-01,  -9.94949698e-01,   9.94999829e-01,
         9.94950631e-01,   9.94963401e-01,   2.98486020e+00,
         9.94967864e-01]), 'Stopping search: Swarm best objective change less than 1e-08', 459.88175421269113, 989)
INFO:root:Non-segmented PSO global min 459.88175421269113
INFO:root:Solving the function using Segmented PSO
INFO:root:Dimension to be segmented : 72
INFO:root:Segmented PSO global min (array([  9.77771941e-01,  -5.12000000e+00,  -3.98183000e+00,
Total number of iterations in PSO Segmented : 3000
        -5.63636749e-05,   9.98039804e-01,  -1.00423144e+00,
(441.51620757114603, 459.88175421269113, 1, 0, 18.365546641545109)
        -1.98585985e+00,  -6.99044665e-03,   8.93961858e-04,
        -2.67878061e-03,  -1.98904196e+00,   9.93336688e-01,
        -5.65043622e-03,  -1.98091161e+00,  -4.97485761e+00,
         5.36596350e-03,  -9.78660762e-01,  -4.83239422e-03,
         6.57168493e-03,   2.00346840e+00,   9.90264508e-01,
         3.97662842e+00,   4.28991506e-03,   9.87260169e-01,
        -9.97935362e-01,  -3.78811154e-03,   1.11282629e-02,
        -1.99398978e+00,   2.98608358e+00,   1.83121801e-03,
        -5.12000000e+00,   1.00641767e+00,   9.77545405e-01,
        -2.98568746e+00,   1.00654838e+00,   9.06471191e-03,
        -1.56539880e-02,  -3.99203972e+00,  -9.85312112e-01,
        -9.94807052e-01,  -1.98067966e+00,   9.84313086e-01,
        -1.00457264e+00,   1.99118043e+00,  -1.98406418e+00,
         9.90078274e-01,   9.90011360e-01,  -3.96081867e+00,
         9.88997564e-01,   3.93759736e-03,   1.98449438e+00,
         3.21629878e-03,   9.88806624e-01,  -4.97094828e+00,
        -1.00735540e+00,   5.06589944e-03,   4.97126738e+00,
        -2.00323150e+00,   1.98805962e+00,  -9.98370940e-01,
        -3.97122541e+00,  -2.99896812e+00,  -9.94154193e-01,
         1.00409688e+00,  -9.97552964e-01,  -6.66627476e-03,
        -2.99182269e-03,   2.98676993e+00,   5.11999999e+00,
        -1.98638750e+00,  -1.69611204e-02,   2.97436070e+00,
         1.02400000e+00,  -3.96026058e+00,   2.00132809e+00,
        -1.29947117e-02,   1.00261033e+00,  -1.98304194e+00,
        -6.61026560e-03,  -2.17531367e-04,   9.98043836e-01,
        -2.97809613e+00,   9.90383100e-01,   9.94421768e-01,
         9.96068901e-01,   9.82182696e-01,  -5.15160495e-03,
        -2.01226238e+00,  -9.96294609e-01,   1.98955803e+00,
        -1.23938194e-02,  -6.01936972e-03,   2.98211850e+00,
        -1.00057890e+00,   9.94264313e-01,   4.37497685e-03,
         1.00203108e+00,  -2.99975547e+00,  -2.97972011e+00,
         1.97883121e+00]), 'Stopping search: maximum iterations reached --> 600', 441.51620757114603, 600)
INFO:root:Segment number which has global min is 2
INFO:root:Solving the function using standard PSO
INFO:root:PSO result for non-segmented is (array([  9.94968964e-01,   9.94963423e-01,  -1.98992772e+00,
         9.94951721e-01,  -9.94954782e-01,   4.97467584e+00,
         5.12000000e+00,   8.02278668e-06,   2.98488231e+00,
         9.94957122e-01,  -1.98991676e+00,   9.94960774e-01,
        -9.94955376e-01,   1.98991006e+00,  -7.67922276e-05,
        -1.52673789e-05,  -1.13840882e-05,   3.97979501e+00,
        -2.98485384e+00,   2.98490282e+00,  -9.94949987e-01,
         1.98989655e+00,   9.94939043e-01,   2.41990406e-05,
        -9.32574109e-06,  -9.94971682e-01,   3.97978376e+00,
        -9.94932246e-01,   2.77595350e-05,  -9.94912936e-01,
         1.98993946e+00,   9.94956415e-01,   9.94920612e-01,
        -3.97979192e+00,  -1.80132447e-06,  -2.98483123e+00,
         4.97466587e+00,   9.94930140e-01,   2.98488797e+00,
        -1.98991117e+00,  -2.98485298e+00,   1.98991860e+00,
         2.98487523e+00,  -2.85068759e-05,   5.12000000e+00,
        -1.98989625e+00,  -9.94946033e-01,   5.12000000e+00,
         9.94954095e-01,   3.97980455e+00,   9.94966936e-01,
        -3.97978244e+00,  -1.98988745e+00,  -2.98486221e+00,
        -2.98485598e+00,   9.94935156e-01,   2.98486371e+00,
         9.94964778e-01,  -3.97978892e+00,   9.94919860e-01,
         9.94963717e-01,   9.94965457e-01,   9.94937592e-01,
         1.98991653e+00,   9.94963649e-01,   3.97977986e+00,
         5.12000000e+00,   1.98995133e+00,  -5.12000000e+00,
         4.97468370e+00,  -9.94954934e-01,  -1.98988952e+00,
        -9.94928379e-01,   3.97979043e+00,  -1.98992463e+00,
        -1.98991986e+00,   1.66989952e-05,  -1.98991085e+00,
        -1.41395141e-05,  -9.94965948e-01,  -3.43155236e-06,
        -2.98485290e+00,  -1.98989221e+00,  -1.31802388e-05,
        -9.94954059e-01,  -1.98992543e+00,   2.98491808e+00,
        -4.97469812e+00,  -1.98993089e+00,   9.94969684e-01,
         9.94990321e-01,   2.00103910e-05,   2.98485879e+00,
        -1.98993552e+00,  -1.76428441e-05,   9.94969118e-01,
        -4.97471237e+00,   1.98988924e+00,  -2.44386006e-05,
         5.12000000e+00]), 'Stopping search: Swarm best objective change less than 1e-08', 653.11598488875541, 880)
INFO:root:Non-segmented PSO global min 653.1159848887554
INFO:root:Solving the function using Segmented PSO
INFO:root:Dimension to be segmented : 31
Total number of iterations in PSO Segmented : 3000
INFO:root:Segmented PSO global min (array([ -9.94844251e-01,   5.12000000e+00,   9.94713665e-01,
(559.59911318760987, 653.11598488875541, 1, 0, 93.516871701145533)
        -1.98934899e+00,  -1.98972127e+00,  -1.98946734e+00,
        -1.99084513e+00,   2.98432023e+00,   1.99010197e+00,
        -2.98496647e+00,  -9.95114169e-01,   9.94757119e-01,
         2.98470897e+00,   9.96113402e-01,  -1.00860794e-03,
        -9.94535008e-01,   1.99050389e+00,   1.98959103e+00,
         1.98996151e+00,  -3.98044216e+00,   3.97970969e+00,
        -9.41939239e-04,   9.95098800e-01,   9.95092390e-01,
        -9.95237171e-01,   1.98892614e+00,   1.98995825e+00,
        -2.98477109e+00,   5.12000000e+00,   1.99133377e+00,
        -9.95223977e-01,  -1.98915183e+00,   1.98978577e+00,
        -3.98065667e+00,   9.94219828e-01,   3.97944968e+00,
        -1.98971740e+00,   7.17575421e-05,  -4.58900731e-04,
        -9.94643951e-01,   1.99023684e+00,  -9.94027954e-01,
        -3.80939156e-05,   8.28721712e-04,  -2.98483706e+00,
        -9.95344708e-01,   1.26844241e-04,   9.93813362e-01,
        -3.97969017e+00,  -1.98958747e+00,   3.97988815e+00,
         9.94233494e-01,  -9.95959178e-01,   9.94916214e-01,
         9.95072335e-01,  -2.21362513e-04,  -1.99018223e+00,
         2.98417194e+00,   4.97505200e+00,  -9.95185668e-01,
        -9.94891536e-01,  -9.95618527e-01,   5.12000000e+00,
        -9.03760538e-04,   3.24450937e-04,   2.98474341e+00,
         1.99067329e+00,   4.46518487e-04,   4.73635718e-04,
         1.99003004e+00,   9.95190738e-01,   2.98747498e+00,
        -5.12000000e+00,  -3.34801624e-04,   9.95575273e-01,
        -9.96169737e-01,   2.85022106e-04,   9.94538302e-01,
        -9.95178944e-01,  -3.97944501e+00,  -2.98507775e+00,
         6.86832640e-04,  -1.98847038e+00,   9.94720368e-01,
        -2.98521495e+00,   9.49309917e-05,  -3.98038084e+00,
         9.96795722e-01,  -2.68503175e-04,   3.31510548e-04,
         5.12000000e+00,   1.98927569e+00,   1.98970899e+00,
         2.98274017e+00,   5.12000000e+00,   2.98557875e+00,
         9.92787606e-05,  -9.95583525e-01,  -2.98459929e+00,
        -4.32587850e-04]), 'Stopping search: maximum iterations reached --> 600', 559.59911318760987, 600)
INFO:root:Segment number which has global min is 1
INFO:root:Solving the function using standard PSO
INFO:root:PSO result for non-segmented is (array([  3.97979083e+00,  -2.98483922e+00,   3.97977550e+00,
        -9.94964928e-01,   9.94944175e-01,   9.94958440e-01,
         9.94963341e-01,  -1.97988163e-06,   3.97979736e+00,
         2.44891307e-05,  -9.94968808e-01,   9.94934676e-01,
        -9.94967674e-01,   4.10160798e-06,  -9.94974118e-01,
         9.94940116e-01,   2.98488387e+00,   1.98997806e+00,
         2.98484220e+00,   4.97472878e+00,   9.94933229e-01,
        -2.98487160e+00,  -5.12000000e+00,  -1.74396271e-05,
        -9.94966602e-01,   1.98990396e+00,   9.94927884e-01,
         1.98991354e+00,  -9.94961508e-01,  -2.98486425e+00,
        -2.98481419e+00,   4.05444062e-06,  -4.97470020e+00,
         6.35397570e-06,  -1.98992665e+00,  -4.73666259e-05,
         2.98488060e+00,  -9.94936425e-01,   9.94936962e-01,
         1.98991241e+00,   9.94949289e-01,  -9.94995898e-01,
         1.74217998e-05,  -1.25970638e-05,   9.95008073e-01,
         9.94989182e-01,   9.94938751e-01,  -1.98987926e+00,
        -1.98991896e+00,  -9.79678956e-06,  -1.98983976e+00,
         9.94942641e-01,   9.94974524e-01,   4.97467845e+00,
        -1.51717835e-06,  -2.98485719e+00,   3.97980438e+00,
         1.98990362e+00,   2.98484304e+00,  -1.98990688e+00,
         3.97975254e+00,  -1.98987698e+00,  -1.98992899e+00,
         1.98995260e+00,  -9.94976682e-01,  -2.98481474e+00,
        -9.94960951e-01,  -9.94953708e-01,   9.94952295e-01,
         9.94982161e-01,   9.94937214e-01,  -5.25806261e-05,
         4.97471455e+00,   1.98986528e+00,  -1.98991882e+00,
         2.98488817e+00,   1.98992463e+00,  -2.98486299e+00,
        -2.20995911e-05,  -1.33063319e-05,   4.97468590e+00,
         3.97980017e+00,  -9.94958112e-01,   1.33575584e-05,
         2.07971461e-05,  -5.12000000e+00,  -9.94955007e-01,
        -1.98995026e+00,  -9.94965239e-01,  -3.33299985e-05,
         2.98485117e+00,  -4.97472252e+00,   1.98993186e+00,
         3.97979350e+00,  -9.94971847e-01,   3.97980279e+00,
        -1.05939504e-05,   2.98488153e+00,   1.98994629e+00,
        -1.51998038e-05]), 'Stopping search: Swarm best objective change less than 1e-08', 567.26562585505599, 1076)
INFO:root:Non-segmented PSO global min 567.265625855056
INFO:root:Solving the function using Segmented PSO
INFO:root:Dimension to be segmented : 27
INFO:root:Segmented PSO global min (array([  1.98416806e+00,  -1.00190726e+00,   2.97132019e+00,
Total number of iterations in PSO Segmented : 3000
         1.67854830e-03,   9.96093941e-01,  -1.92275340e-02,
(517.06557732327485, 567.26562585505599, 1, 0, 50.200048531781135)
        -1.98551687e+00,   2.96799773e+00,   9.65418957e-03,
        -9.88395132e-01,  -1.72559128e-02,  -6.78093388e-03,
        -1.00157043e+00,  -2.97205692e+00,  -9.69306921e-01,
         1.97918361e+00,   3.97645888e+00,  -6.65610283e-03,
         2.97294541e+00,  -3.62736922e-03,  -1.97400120e+00,
        -2.89071520e-03,  -1.98049619e+00,   5.12000000e+00,
         9.98157518e-01,   5.12000000e+00,   4.99163724e+00,
         1.01677429e+00,  -9.97387637e-01,   2.00491106e+00,
        -9.78874450e-01,   3.97942737e+00,   4.00243548e+00,
         1.00693258e+00,  -9.85654944e-01,  -2.37080423e-02,
        -9.92400218e-01,   2.98352724e+00,  -1.00771326e+00,
        -2.97406308e+00,  -9.94239610e-01,   9.96525241e-01,
         9.84411285e-01,   5.12000000e+00,   1.01696393e+00,
         9.68732663e-01,  -9.94719253e-01,  -2.98826314e+00,
         1.00630407e+00,  -3.99021962e+00,   2.98564617e+00,
         9.84019801e-01,   2.97801447e+00,   1.96778558e+00,
         6.17984351e-03,  -9.82324753e-01,   1.98611156e+00,
         9.75406592e-01,  -9.88187284e-01,  -1.99521813e+00,
         2.98456003e+00,   1.00172041e+00,  -3.97034813e+00,
        -3.97824498e+00,   2.99796612e+00,   2.00506223e+00,
        -1.98984348e+00,   9.73575290e-01,  -3.97094613e+00,
         2.99591496e+00,  -9.83286136e-03,   1.98785651e+00,
         2.11996833e-02,  -3.11020021e-03,  -9.86208775e-01,
         1.01227594e+00,   1.99363593e+00,  -9.90922308e-01,
        -1.98245714e+00,  -3.52539631e-03,   9.94898335e-01,
        -9.98654025e-01,  -1.57811466e-03,  -1.99948075e+00,
        -5.12000000e+00,  -9.84319436e-01,  -2.13548427e-03,
         3.92137425e-04,   1.97993598e+00,   3.46242358e-03,
         1.98480551e+00,   1.98535059e+00,   1.99146662e+00,
         4.98040795e+00,  -9.82865010e-01,  -9.84508920e-01,
        -2.98351350e+00,   1.97099024e+00,  -1.99934443e+00,
         1.99702508e+00]), 'Stopping search: maximum iterations reached --> 600', 517.06557732327485, 600)
INFO:root:Segment number which has global min is 2
INFO:root:Solving the function using standard PSO
INFO:root:PSO result for non-segmented is (array([ -1.98991222e+00,  -3.99320921e-06,  -9.94957440e-01,
         1.98990997e+00,  -2.26903506e-06,   9.94960952e-01,
        -1.44981033e-05,   9.94955254e-01,   9.94960114e-01,
        -4.99606205e-06,   1.98990826e+00,   4.97469221e+00,
         1.98991075e+00,  -2.04525272e-06,  -1.98990102e+00,
         9.94960424e-01,   1.98990369e+00,  -9.94953133e-01,
         2.98485610e+00,   9.94971601e-01,   1.98991406e+00,
         9.94964791e-01,  -1.98990373e+00,   1.04498802e-05,
        -3.97978558e+00,   9.94961858e-01,  -2.98484836e+00,
         1.98991305e+00,   1.98990680e+00,   6.99004924e-06,
        -1.98991441e+00,  -1.98990080e+00,   9.94959007e-01,
         5.49455236e-06,   9.94959290e-01,   5.12000000e+00,
        -5.12000000e+00,  -3.12476626e-06,  -9.94953323e-01,
         1.98991161e+00,   9.94964533e-01,  -5.12000000e+00,
        -3.02662382e-06,  -9.94962599e-01,  -9.94965754e-01,
        -1.07685179e-06,   9.94966267e-01,   9.94961030e-01,
        -1.98990999e+00,   1.98991090e+00,   4.26791928e-06,
        -6.25862009e-06,   1.98991065e+00,   3.97980107e+00,
         2.33891622e-06,   5.12000000e+00,  -9.94957992e-01,
         9.94959960e-01,   5.12000000e+00,   4.77567572e-06,
         5.12000000e+00,   4.15317390e-06,  -1.63462259e-06,
        -1.29426394e-06,  -4.97469278e+00,  -7.83068847e-06,
        -1.98991704e+00,   9.94953090e-01,  -9.94949745e-01,
        -2.98485620e+00,  -9.94953929e-01,  -4.97469239e+00,
         9.94959772e-01,   4.88372137e-07,  -3.97978478e+00,
         2.98485431e+00,  -9.94964835e-01,   9.94960860e-01,
         2.98485850e+00,   2.22215951e-06,   5.12000000e+00,
         1.98991032e+00,   4.07105368e-06,   1.98990898e+00,
        -9.94949648e-01,  -2.98485570e+00,   9.94959928e-01,
        -9.94957067e-01,  -8.26411508e-07,   3.97977275e+00,
        -2.98485804e+00,  -1.98992386e+00,   9.94973709e-01,
         5.12000000e+00,   3.97977663e+00,   5.12000000e+00,
        -9.12643688e-06,  -4.97469058e+00,   1.98989608e+00,
         9.94962820e-01]), 'Stopping search: Swarm best objective change less than 1e-08', 615.52097026527656, 1438)
INFO:root:Non-segmented PSO global min 615.5209702652766
INFO:root:Solving the function using Segmented PSO
INFO:root:Dimension to be segmented : 27
INFO:root:Segmented PSO global min (array([  9.94206260e-01,  -4.97678853e+00,   9.95798319e-01,
Total number of iterations in PSO Segmented : 3000
        -5.29409702e-04,  -4.47519873e-03,  -5.12000000e+00,
(423.41206865567136, 615.52097026527656, 1, 0, 192.1089016096052)
         2.98760973e+00,   1.00461689e+00,  -3.03077964e-03,
         5.12000000e+00,   9.96028849e-01,  -1.00179636e+00,
         4.37607289e-04,  -9.94682738e-01,  -2.19038979e-03,
         4.13710918e-03,   1.98616164e+00,  -2.22065106e-03,
        -1.98812895e+00,  -6.44109894e-03,  -2.99011706e+00,
        -9.92429136e-01,  -3.72374697e-03,  -1.98950829e+00,
         9.97267566e-01,  -3.19804228e-03,  -1.98728831e+00,
         1.98906240e+00,  -1.98917986e+00,   3.02521948e-03,
         1.06644685e-03,   1.98997375e+00,   1.98944893e+00,
        -9.94799533e-01,   5.12000000e+00,  -9.95705581e-01,
         9.92752591e-01,   6.01288719e-03,   2.98217083e+00,
        -2.05433993e-03,   2.98128041e+00,  -1.98883216e+00,
        -4.84529310e-04,  -5.12000000e+00,  -9.90705456e-01,
         1.00851924e-03,  -1.99098752e+00,  -4.43002917e-03,
         3.06614772e-03,  -9.93247793e-01,  -9.89026381e-01,
         9.92891134e-01,   9.99915866e-01,  -1.99115939e+00,
         1.98941541e+00,   2.98993584e+00,   2.17704726e-04,
         9.92451774e-01,   1.00018405e+00,  -9.92640006e-01,
        -1.99191835e+00,  -1.63324043e-03,   1.99201528e+00,
        -2.97945073e+00,  -4.03407767e-03,   9.92695318e-01,
         1.00396529e+00,  -8.82443101e-04,   9.92560274e-01,
        -3.98328372e+00,   3.98284429e+00,   9.93484461e-01,
        -2.98064718e+00,  -2.98420987e+00,  -5.12000000e+00,
         1.98846870e+00,  -9.94916942e-01,  -1.99358599e+00,
         9.89611074e-01,   3.06926728e-03,  -9.91172203e-01,
        -1.99133510e+00,  -6.08606303e-03,   1.94655911e-03,
         4.97454351e+00,  -4.60284304e-04,   1.10058422e-03,
        -2.82478775e-04,  -1.00261423e+00,  -9.94768909e-01,
        -9.94257210e-01,   9.95949701e-01,   1.99361825e+00,
        -2.98772974e+00,  -2.31768109e-03,   2.98702872e+00,
        -3.19565014e-03,   9.93773519e-01,  -1.98790362e+00,
        -9.93934652e-01]), 'Stopping search: maximum iterations reached --> 600', 423.41206865567136, 600)
INFO:root:Segment number which has global min is 3
INFO:root:Solving the function using standard PSO
INFO:root:PSO result for non-segmented is (array([  9.94931754e-01,   7.01970671e-05,   2.98487012e+00,
        -1.98988800e+00,  -1.98990078e+00,  -4.97475189e+00,
        -9.94952630e-01,  -2.98480795e+00,  -2.98485720e+00,
         1.00454829e-05,  -9.95015511e-01,   1.43878685e-05,
        -5.12000000e+00,   4.97470674e+00,   1.98991365e+00,
        -1.98992267e+00,  -1.14164315e-05,  -9.94953128e-01,
        -1.61944072e-05,   1.98999205e+00,   4.97465798e+00,
        -3.94293457e-06,   9.94922967e-01,   9.94940801e-01,
         2.85548703e-05,  -9.94987311e-01,  -2.69556504e-05,
        -1.98992584e+00,   9.95017680e-01,  -1.98989887e+00,
         2.98480979e+00,  -5.12000000e+00,  -9.94999336e-01,
         3.97980351e+00,  -2.98486096e+00,   9.94991232e-01,
        -1.98992690e+00,   1.98989142e+00,   2.98491083e+00,
         6.19610886e-06,   1.98989724e+00,   1.98991547e+00,
        -9.95007877e-01,   9.94962422e-01,   2.80429787e-05,
         9.94957010e-01,   1.98991178e+00,  -5.48638886e-06,
         1.98984689e+00,   2.98485057e+00,  -9.94990762e-01,
        -2.15847500e-05,   2.59005147e-05,  -9.94817635e-01,
        -1.98988087e+00,  -1.40892571e-05,   5.12000000e+00,
        -9.94979187e-01,  -9.94965022e-01,  -9.94936111e-01,
        -3.97975778e+00,  -9.94973662e-01,   2.98485129e+00,
        -9.94911681e-01,   3.97976757e+00,  -4.94536508e-05,
        -4.97469134e+00,  -1.98994112e+00,  -2.98487193e+00,
         3.97972961e+00,   9.94989657e-01,   2.32718419e-05,
         5.12000000e+00,   9.94997369e-01,  -2.98483374e+00,
        -9.94905545e-01,  -5.12000000e+00,   1.70890247e-05,
        -1.98991526e+00,   2.98487730e+00,  -9.94951492e-01,
         2.98489685e+00,   6.64897539e-06,   9.95006327e-01,
        -5.12000000e+00,   4.18111072e-05,  -2.98490125e+00,
         2.45202468e-06,   9.94951360e-01,  -1.98992394e+00,
        -2.98487494e+00,   2.98484227e+00,   1.98994610e+00,
         2.98481532e+00,  -9.08534813e-06,  -2.98475352e+00,
         4.51194905e-05,   2.29080100e-05,  -9.94926265e-01,
        -2.98483408e+00]), 'Stopping search: Swarm best objective change less than 1e-08', 596.40385056079174, 918)
INFO:root:Non-segmented PSO global min 596.4038505607917
INFO:root:Solving the function using Segmented PSO
INFO:root:Dimension to be segmented : 33
INFO:root:Segmented PSO global min (array([  9.96954297e-01,  -5.28182866e-03,   9.78429511e-01,
Total number of iterations in PSO Segmented : 3000
        -9.86639617e-01,   9.97590469e-01,  -1.97572487e+00,
(427.0446641978109, 596.40385056079174, 1, 0, 169.35918636298084)
         1.99336153e+00,  -2.98375305e+00,   5.12000000e+00,
        -1.01228505e-02,   2.00479038e+00,  -1.21281844e-02,
         4.95644560e+00,   3.62592449e-03,   4.97705720e+00,
        -9.94839957e-01,   9.81162516e-01,   1.97770371e+00,
         1.27161203e-02,  -1.00379958e+00,   1.33291619e-02,
         9.87624873e-01,   1.99833486e+00,   1.43766011e-02,
         9.74903676e-01,   1.99263336e+00,  -1.98460741e+00,
        -9.73788129e-01,  -3.99462812e+00,  -1.00278570e+00,
        -9.87885362e-01,   9.96299558e-01,   2.00785111e+00,
         1.02400000e+00,  -5.12000000e+00,   2.97786327e+00,
         1.97526592e+00,   3.98678885e+00,   1.01144756e+00,
        -1.99325288e+00,   4.44497576e-03,  -1.00954824e+00,
         9.93534303e-01,   1.01266234e+00,   1.98462851e+00,
        -5.73183551e-03,  -2.98366405e+00,   7.84930678e-03,
         1.52180231e-03,  -2.99454057e+00,   7.58525218e-03,
         1.00768235e-02,   1.00132500e+00,   9.87762146e-01,
         9.93438368e-01,  -8.67418900e-03,  -3.96213856e+00,
         1.97343299e+00,  -4.71241835e-03,   1.99767102e+00,
        -2.97209542e-03,   7.20206015e-03,  -2.00718797e+00,
        -9.92221346e-01,   1.00291005e+00,   2.98963381e+00,
        -3.97410224e+00,  -1.10052113e-03,   4.58076015e-03,
         2.97609875e+00,   9.74755716e-01,  -9.95497052e-01,
        -1.00603968e+00,   2.98674656e+00,  -4.05917186e-03,
        -9.83716897e-01,  -1.00171096e+00,  -6.35207477e-03,
         9.93836582e-01,  -3.98387576e+00,   1.99020060e+00,
         2.98983048e+00,  -1.99042261e+00,   1.51081792e-02,
         9.95790392e-01,   1.97781639e+00,  -2.99849767e+00,
         3.98971386e+00,   6.80627297e-03,  -7.21593242e-03,
        -1.38255607e-02,   1.99039567e+00,   9.96210092e-01,
        -1.99327649e+00,  -1.23450169e-02,  -8.70159363e-03,
         2.99657781e+00,  -3.96805230e+00,   2.96772233e+00,
        -9.96521429e-01]), 'Stopping search: maximum iterations reached --> 600', 427.0446641978109, 600)
INFO:root:Segment number which has global min is 3
INFO:root:Solving the function using standard PSO
INFO:root:PSO result for non-segmented is (array([  1.98991615e+00,  -1.00534504e-05,  -9.94943325e-01,
         1.30087292e-05,   9.94991601e-01,  -9.94951428e-01,
         9.94946613e-01,  -9.94931063e-01,  -1.98989482e+00,
         9.94947885e-01,  -9.60883329e-07,  -9.94966331e-01,
        -9.94966968e-01,   2.98486018e+00,  -1.98991347e+00,
         1.98990094e+00,  -5.12000000e+00,  -9.94975978e-01,
        -9.94963104e-01,  -1.98988104e+00,  -5.12000000e+00,
        -9.94902584e-01,   1.29582990e-05,  -2.02006545e-05,
         9.94966230e-01,   5.12000000e+00,   1.59438386e-05,
        -9.94971084e-01,  -4.97467459e+00,  -1.98992599e+00,
         3.97977316e+00,  -2.98485528e+00,  -9.94953946e-01,
         9.94984337e-01,   9.94924526e-01,  -1.06431511e-06,
        -2.98484121e+00,   2.98485755e+00,   2.98485538e+00,
         9.94941256e-01,  -1.98991152e+00,   9.94982113e-01,
         9.94942066e-01,  -4.97468585e+00,   9.94947088e-01,
        -9.94961423e-01,  -6.77982475e-07,   1.98991500e+00,
         1.98992350e+00,  -1.98993245e+00,  -5.12000000e+00,
         3.77709251e-05,   9.94953224e-01,  -1.98989717e+00,
        -2.79911602e-05,   1.98989652e+00,   5.12000000e+00,
        -5.12000000e+00,  -3.97979606e+00,  -5.12000000e+00,
         4.97469098e+00,   1.98991905e+00,   2.98484763e+00,
         2.92588655e-05,   1.98995115e+00,  -1.20298561e-05,
        -1.72460357e-06,   1.98991960e+00,   4.97470981e+00,
        -9.94945923e-01,   4.97467580e+00,   2.27915986e-05,
         4.68240402e-06,   2.98486053e+00,  -9.94944901e-01,
        -5.12000000e+00,   3.97978704e+00,  -5.12000000e+00,
        -2.03272773e-05,  -5.37323435e-06,  -3.94007073e-06,
        -1.98989216e+00,  -2.98486286e+00,  -1.11769643e-06,
         9.94979799e-01,  -9.94949058e-01,   9.94963015e-01,
         2.98485211e+00,   9.94925769e-01,   9.94960037e-01,
        -9.94965201e-01,  -2.98486229e+00,   2.68826279e-05,
         1.98991404e+00,  -2.98483421e+00,  -9.59175977e-06,
        -1.98990942e+00,  -9.94946506e-01,   9.94975677e-01,
         2.98486935e+00]), 'Stopping search: Swarm best objective change less than 1e-08', 643.37964066026439, 869)
INFO:root:Non-segmented PSO global min 643.3796406602644
INFO:root:Solving the function using Segmented PSO
INFO:root:Dimension to be segmented : 63
INFO:root:Segmented PSO global min (array([ -3.12913787e-04,   3.97918363e+00,   9.90542576e-01,
         1.99455635e+00,  -9.92921774e-01,   9.94683533e-01,
         3.97459642e+00,  -9.95825066e-01,  -1.01446683e+00,
         1.01124209e-03,   1.98910837e+00,  -2.98393169e+00,
         9.96421263e-01,  -1.75742964e-03,   1.98960861e+00,
        -1.31131834e-03,   5.12000000e+00,   2.98609305e+00,
         1.76762271e-05,  -1.99074788e+00,  -5.12000000e+00,
        -1.28351440e-04,   1.99274882e+00,   9.94658518e-01,
        -2.97805680e+00,  -9.92947088e-01,  -9.98517149e-01,
        -9.92389823e-01,   3.97646661e+00,   1.36350195e-04,
        -9.94003150e-01,  -1.99043422e+00,   9.93759973e-01,
        -9.90364003e-01,  -2.98450379e+00,  -9.93555810e-01,
         9.91659659e-01,  -1.98933988e+00,   3.98020708e+00,
        -5.12000000e+00,   1.99098220e+00,   1.98867044e+00,
        -9.95728993e-01,   1.37323842e-04,  -1.99000437e+00,
        -1.99179018e+00,   9.64647190e-04,  -3.20589165e-04,
        -5.97473393e-04,  -9.94080579e-01,  -9.95096582e-01,
        -5.12000000e+00,   9.94297262e-01,  -9.96670853e-01,
        -4.31476897e-04,   1.13725876e-03,   1.34687210e-03,
        -1.99145466e+00,  -5.12000000e+00,  -9.97318056e-01,
        -9.97228064e-01,   2.98386285e+00,   9.99322289e-01,
        -3.07200000e+00,   8.21225365e-04,  -1.71601422e-03,
        -9.95824108e-01,  -1.98892695e+00,   9.86870578e-01,
         2.98221087e+00,  -9.93797512e-01,  -5.12000000e+00,
         1.99206380e+00,  -2.90259187e-03,  -1.24159278e-04,
        -9.99176882e-04,   5.12000000e+00,  -3.80295552e-03,
         1.98878442e+00,  -9.91484969e-01,   9.90385603e-01,
         2.98595501e+00,   9.94903155e-01,   5.12000000e+00,
        -9.95472536e-01,   9.96779456e-01,   5.12000000e+00,
        -1.99084009e+00,   9.93066520e-01,  -9.92747128e-01,
        -9.97978705e-01,   2.08190119e-04,  -9.97027964e-01,
         6.44932742e-04,   9.96260186e-01,  -1.36642369e-03,
         1.98984849e+00,   1.98740788e+00,  -9.93905597e-01,
        -5.12000000e+00]), 'Stopping search: maximum iterations reached --> 600', 534.66261126309882, 600)
INFO:root:Segment number which has global min is 0
INFO:root:Solving the function using standard PSO
Total number of iterations in PSO Segmented : 3000
(534.66261126309882, 643.37964066026439, 1, 0, 108.71702939716556)
INFO:root:PSO result for non-segmented is (array([  9.94962994e-01,   9.94957949e-01,   1.98992417e+00,
        -1.57868413e-06,   1.09459293e-05,  -9.94956148e-01,
         9.94953477e-01,  -1.98990707e+00,  -9.94950680e-01,
        -9.94974485e-01,   3.36358365e-06,  -9.94955482e-01,
        -9.36566859e-06,  -5.12000000e+00,   9.94963853e-01,
         5.12000000e+00,   2.98491941e+00,  -9.06097518e-06,
         9.94959636e-01,   2.98483538e+00,   9.94958381e-01,
        -9.94959252e-01,  -5.12000000e+00,   1.98990577e+00,
         9.82897889e-06,   9.94955260e-01,   2.98485648e+00,
        -1.98992254e+00,  -1.56232478e-05,   9.94950652e-01,
         6.72070207e-06,   1.98989672e+00,   2.98484878e+00,
         2.98485595e+00,   9.94972453e-01,   2.98484838e+00,
        -1.98991803e+00,   1.98991284e+00,   9.94948663e-01,
        -9.94972773e-01,   5.61050750e-06,  -9.94960560e-01,
        -3.97979514e+00,   9.94887425e-01,  -9.94941690e-01,
        -1.19013386e-05,   1.98990631e+00,   2.31855789e-06,
        -4.57863693e-06,  -4.97470249e+00,  -1.91418633e-05,
        -1.53068555e-06,   9.94950714e-01,  -9.94944192e-01,
         9.94963831e-01,  -5.12000000e+00,  -5.12000000e+00,
        -1.98991411e+00,  -4.97468274e+00,  -2.98485898e+00,
        -9.94961656e-01,   3.44431092e-06,   9.94962332e-01,
        -6.71448376e-06,   2.98484160e+00,  -9.94973011e-01,
        -9.94955847e-01,  -1.98989161e+00,   6.25450017e-06,
         2.98486618e+00,   9.94992847e-01,  -1.98991389e+00,
         4.02347422e-06,  -1.27795011e-05,   9.94971265e-01,
         1.85598908e-05,   2.83711600e-06,  -1.47774642e-05,
         9.94963700e-01,   9.94948250e-01,  -7.57985959e-07,
        -9.82863226e-06,   9.94958066e-01,  -1.98990392e+00,
         1.21791485e-06,  -1.51540342e-06,  -1.98993067e+00,
         9.94963892e-01,   2.98485722e+00,  -5.12000000e+00,
         9.94954033e-01,  -2.16728138e-05,  -1.98991923e+00,
         5.12000000e+00,  -1.98991786e+00,   9.94967864e-01,
        -9.94976101e-01,  -1.98991649e+00,  -9.94951188e-01,
         5.12000000e+00]), 'Stopping search: Swarm best objective change less than 1e-08', 486.10624060851382, 1079)
INFO:root:Non-segmented PSO global min 486.1062406085138
INFO:root:Solving the function using Segmented PSO
INFO:root:Dimension to be segmented : 96
Total number of iterations in PSO Segmented : 3000
INFO:root:Segmented PSO global min (array([ -1.98884418e+00,   1.64672830e-03,  -4.97971555e+00,
(546.81274191721423, 486.10624060851382, 0, 1, -60.70650130870041)
         9.92146995e-01,  -1.98982576e+00,  -1.00336494e+00,
         2.97729338e+00,  -1.16707641e-03,  -5.09419886e-03,
         9.92371908e-01,   2.98677069e+00,  -2.97956381e+00,
         1.98690247e+00,  -2.98526536e+00,   3.84549324e-03,
        -4.95297651e-03,   2.98693906e+00,  -1.99233143e+00,
         1.00110305e+00,  -9.91638408e-01,  -5.12000000e+00,
        -9.85050038e-01,  -5.12000000e+00,  -6.89400160e-03,
        -3.98376733e+00,  -1.00336456e+00,   9.93632142e-01,
        -9.96395824e-01,  -2.98276982e+00,   2.98534078e+00,
        -4.98031450e+00,  -4.87142538e-03,   1.00109532e+00,
        -3.97825831e+00,   3.54057362e-03,   9.88170132e-01,
         3.98362409e+00,   9.95333368e-01,   3.74626281e-03,
         1.99379918e+00,   4.97157084e+00,  -2.98542624e+00,
         9.96087675e-01,  -9.94139709e-01,   2.98569831e+00,
         5.09214075e+00,  -1.00238017e+00,  -3.98482271e+00,
         1.99804258e+00,   3.05769185e-03,   2.98681851e+00,
        -1.99221120e+00,   1.98984957e+00,  -1.99572480e+00,
         9.94407076e-01,   1.12821662e-02,   3.40071615e-03,
        -1.68175874e-03,  -1.98659470e+00,   1.99385775e+00,
        -3.69837814e-03,  -2.98943992e+00,   1.99137846e+00,
         9.98678909e-01,  -1.00524566e+00,   1.98894881e+00,
        -2.35961676e-03,  -2.98921381e+00,   5.12000000e+00,
         9.92064066e-01,  -2.98181860e+00,  -2.00002590e+00,
        -5.12000000e+00,  -1.98655998e+00,   9.93440581e-01,
         9.99196654e-01,   1.54100618e-03,  -9.96363366e-01,
         7.62449331e-04,  -2.99762163e+00,   1.97772374e+00,
        -1.98479517e+00,  -9.94068633e-01,   8.32624706e-05,
         1.99370733e+00,   1.98889065e+00,   9.87154721e-01,
         1.98271115e+00,  -9.91893245e-01,  -9.99045694e-01,
         1.99115015e+00,  -9.95481322e-01,   9.99893189e-01,
         2.98102459e+00,  -1.98920521e+00,  -2.98918530e+00,
         1.02400000e+00,  -4.10056995e-03,   1.98151304e+00,
        -9.88636954e-01]), 'Stopping search: maximum iterations reached --> 600', 546.81274191721423, 600)
INFO:root:Segment number which has global min is 3
INFO:root:Solving the function using standard PSO
INFO:root:PSO result for non-segmented is (array([ -1.98989506e+00,  -3.97978832e+00,   9.94963232e-01,
        -9.67331714e-06,  -1.98990061e+00,   9.94950297e-01,
        -7.91885232e-06,  -9.02754937e-06,  -1.98993350e+00,
        -9.94970608e-01,   1.98991925e+00,   1.36144339e-05,
         5.12000000e+00,  -1.98990537e+00,  -9.94981087e-01,
         9.94933655e-01,   9.94951348e-01,  -9.94946957e-01,
        -9.94947188e-01,   5.12000000e+00,  -1.13730731e-06,
         5.12000000e+00,  -1.98991264e+00,  -4.97470454e+00,
         1.98990783e+00,   5.12000000e+00,  -7.69309360e-06,
         4.32729158e-06,  -3.97977316e+00,   9.94948920e-01,
        -9.94974258e-01,   9.94962560e-01,   9.94955296e-01,
         9.94963597e-01,   1.98988666e+00,  -1.98988966e+00,
         4.97467843e+00,  -5.12000000e+00,   5.12000000e+00,
         4.37245809e-06,  -9.94964781e-01,  -4.07553464e-06,
         2.97087731e-06,   1.98990873e+00,   9.94958939e-01,
        -1.98990879e+00,  -1.30934978e-05,   9.94971160e-01,
         9.94972111e-01,  -3.07090348e-06,  -5.12000000e+00,
        -9.94956928e-01,   9.94962142e-01,   9.94957333e-01,
         1.98992199e+00,  -2.98485882e+00,   1.98991539e+00,
        -9.94961663e-01,  -2.31390406e-06,  -1.07363597e-05,
        -3.97977433e+00,  -2.98481630e+00,  -9.94956722e-01,
         9.94941872e-01,  -9.94967414e-01,  -9.94954461e-01,
        -4.97469006e+00,  -9.94952218e-01,  -9.94951074e-01,
         2.98484445e+00,  -6.62461219e-06,  -1.98990825e+00,
         1.98990532e+00,   9.94956847e-01,  -9.94952786e-01,
         9.94934492e-01,   2.98485539e+00,   9.94977148e-01,
         1.98990537e+00,  -9.94955009e-01,  -1.55174450e-05,
        -3.97973809e+00,   9.94957715e-01,  -6.45686161e-06,
        -5.79759350e-07,   9.94936857e-01,  -9.94951064e-01,
         5.12000000e+00,   1.81080162e-06,  -3.42943702e-06,
        -9.94957107e-01,  -3.97975977e+00,  -1.98990009e+00,
         1.98993085e+00,   1.08282198e-05,  -9.94949332e-01,
         1.98992087e+00,   1.09959381e-05,   9.94948471e-01,
        -1.98993003e+00]), 'Stopping search: Swarm best objective change less than 1e-08', 538.83857334702498, 1070)
INFO:root:Non-segmented PSO global min 538.838573347025
INFO:root:Solving the function using Segmented PSO
INFO:root:Dimension to be segmented : 43
Total number of iterations in PSO Segmented : 3000
INFO:root:Segmented PSO global min (array([ -1.98738492e+00,  -1.09159033e-02,   4.97915138e+00,
(531.69845654454684, 538.83857334702498, 1, 0, 7.1401168024781327)
        -3.96314741e+00,   1.98864745e+00,  -9.93270085e-01,
         4.97083351e+00,   9.88708028e-01,   7.97853804e-04,
         1.84513984e-03,  -1.98471540e+00,   1.98622475e+00,
         1.98731032e+00,   9.94879115e-01,   1.72200640e-03,
        -1.00197122e+00,   1.46399393e-03,   1.00255537e+00,
         9.89413321e-01,  -9.96995305e-01,  -1.98966658e+00,
        -5.12000000e+00,   9.95304326e-01,   2.00262300e+00,
        -3.97895742e+00,   2.98315089e+00,  -5.12000000e+00,
         1.02687816e-02,  -1.00288504e+00,  -1.98335781e+00,
         1.98313854e+00,  -1.98774690e+00,   9.92065373e-01,
         9.93953007e-01,  -8.91674746e-03,   9.03081346e-04,
         4.97229703e+00,   3.00074783e+00,  -2.98712764e+00,
         1.58932994e-03,  -9.98813748e-01,  -1.00495363e+00,
         1.03685221e-02,  -1.02400000e+00,   1.33500004e-02,
        -3.98184564e+00,  -2.21588350e-02,   9.98365786e-01,
        -4.00161611e-03,  -4.99205357e+00,   3.27363172e-03,
         2.98402514e+00,  -1.99292870e+00,  -9.92684823e-01,
         1.00048916e+00,  -5.12000000e+00,   9.95170276e-01,
        -2.97688747e+00,   5.12000000e+00,   1.99063790e+00,
         1.99756526e+00,  -1.00162677e+00,  -9.91179936e-01,
        -9.94134477e-01,   8.99254605e-03,   4.96461923e+00,
        -9.97981908e-01,  -2.01051391e-03,   1.98292213e+00,
        -9.88071086e-01,   7.18190866e-03,  -1.98471347e+00,
        -9.58105969e-05,  -9.93188874e-01,  -1.99602194e+00,
         3.61975364e-04,   2.98609720e+00,   3.98352831e+00,
         9.96315911e-01,  -5.12000000e+00,  -9.95765154e-01,
        -5.25561065e-03,  -1.98728862e+00,   1.99293613e+00,
        -9.88731853e-01,   9.98544007e-01,   9.90511101e-01,
        -2.22620151e-02,   3.59755157e-03,  -9.95058854e-01,
         2.00021520e+00,  -4.97819328e+00,   1.98821781e+00,
        -1.99630269e+00,  -9.97066291e-01,  -2.03641553e-03,
         1.98806630e+00,  -1.14235217e-02,  -1.00319597e+00,
         5.22754771e-03]), 'Stopping search: maximum iterations reached --> 600', 531.69845654454684, 600)
INFO:root:Segment number which has global min is 1

Process finished with exit code 0
C:\Users\sbala\Anaconda3\python.exe C:/Users/sbala/PycharmProjects/PSO/Pswarm_Test.py
INFO:root:Solving the function using standard PSO
INFO:root:PSO result for non-segmented is (array([ -1.98995042e+00,   3.28516364e-05,   1.85817326e-05,
         9.94945959e-01,  -1.98988076e+00,   5.12000000e+00,
         9.94937280e-01,  -9.94922561e-01,  -5.36512694e-05,
         1.23054904e-05,   3.99219320e-07,   2.98482797e+00,
         1.98982568e+00,  -3.97956609e+00,   9.94927438e-01,
         9.94921113e-01,  -6.36821612e-07,  -9.94964849e-01,
        -3.97980258e+00,  -4.09979689e-05,   5.12000000e+00,
        -4.97464097e+00,  -9.94961994e-01,  -9.94954682e-01,
         9.94920807e-01,  -9.94904801e-01,   3.97971763e+00,
         3.97980170e+00,   4.97469023e+00,  -9.94882778e-01,
        -4.97473897e+00,  -9.94979539e-01,  -1.98993996e+00,
         1.98988865e+00,  -1.98989587e+00,  -4.02380298e-05,
        -8.46071609e-05,   5.12000000e+00,  -1.98991682e+00,
         4.53329755e-05,   3.97975912e+00,  -9.94936556e-01,
         9.94993669e-01,  -1.98990326e+00,   9.94940309e-01,
        -5.12000000e+00,   1.98994902e+00,   5.12000000e+00,
        -2.80808545e-05,   2.98492832e+00,  -9.94994458e-01,
         9.94927857e-01,   9.67410196e-06,   2.98373838e+00,
         9.94961053e-01,   2.98461234e+00,   3.97979117e+00,
        -2.84927927e-05,  -3.95158236e-05,   1.98986848e+00,
         1.98974466e+00,  -1.98995389e+00,  -5.12000000e+00,
         9.94906639e-01,   3.36568320e-05,  -9.95007124e-01,
        -9.94965152e-01,   3.97979379e+00,   1.58390840e-06,
         2.93789678e-05,  -2.98493356e+00,   2.98489565e+00,
        -1.19470990e-05,   9.94968941e-01,   9.94993731e-01,
        -1.72401677e-05,  -9.94979853e-01,   9.95000187e-01,
        -1.65813951e-04,   4.70274431e-05,  -1.98991010e+00,
         2.83458555e-05,  -1.98998698e+00,  -3.97972909e+00,
        -3.20805826e-05,  -1.98999595e+00,  -9.94989063e-01,
         3.97980664e+00,  -1.98993328e+00,  -9.94965401e-01,
         1.98990194e+00,  -1.98985450e+00,   9.94942813e-01,
        -2.98487653e+00,  -2.98489930e+00,   9.94938459e-01,
        -2.98485136e+00,   2.02954507e-05,   3.48629563e-05,
        -1.98990072e+00]), 'Stopping search: Swarm best objective change less than 1e-08', 576.50496427356507, 1006)
INFO:root:Non-segmented PSO global min 576.5049642735651
INFO:root:Solving the function using Segmented PSO
INFO:root:Dimension to be segmented : 57
INFO:root:Segmented PSO global min (array([  2.98481382e+00,  -9.92693600e-01,   1.95598000e-04,
Total number of iterations in PSO Segmented : 3000
        -9.93038915e-01,   2.26641376e-03,   2.68474221e-03,
(513.9225372978417, 576.50496427356507, 1, 0, 62.582426975723365)
         1.98650359e+00,  -2.98761607e+00,   5.12000000e+00,
         9.94932088e-01,  -9.97280624e-01,  -2.93544217e-03,
        -2.98419270e+00,   1.99243138e+00,   2.44896243e-03,
        -1.98996607e+00,  -9.95711155e-01,   1.99345082e+00,
         1.98850279e+00,   9.95807200e-01,  -2.60097626e-03,
        -3.11758536e-05,  -1.98928176e+00,   1.99088188e+00,
        -1.99368170e+00,  -9.96240561e-01,   4.77395381e-03,
        -9.91732094e-01,  -1.98542235e+00,  -2.98653696e+00,
         2.98904818e+00,  -1.26645024e-03,   1.98823416e+00,
         4.36853094e-03,   2.09645587e-03,  -9.94437501e-01,
         9.91205102e-01,   3.98376147e+00,   9.60625054e-04,
         9.92058916e-01,   9.92310913e-01,   1.98932729e+00,
        -9.93364245e-01,  -1.98953805e+00,   2.98295103e+00,
         9.94420050e-01,   1.98840441e+00,  -2.98383771e+00,
        -9.97092221e-01,  -3.04047555e-04,   2.01955644e-03,
        -2.98251688e+00,  -5.12000000e+00,  -1.33368420e-03,
         2.05429775e-03,  -1.99247551e+00,  -9.95412299e-01,
         1.99584986e+00,   3.97756737e+00,  -3.98122093e+00,
         3.97792435e+00,   1.99202120e+00,  -1.99449564e+00,
         9.94959600e-01,   9.93481382e-01,  -1.77554528e-03,
         2.98240672e+00,  -2.98157277e+00,   5.12000000e+00,
         2.98128229e+00,   1.98901952e+00,   4.97498393e+00,
        -1.70339865e-03,  -5.12000000e+00,   2.98495450e+00,
        -2.04819761e-03,  -9.96087951e-01,   9.94847427e-01,
        -2.98109740e+00,   1.82840245e-03,   2.72631347e-03,
         9.94199761e-01,   5.12000000e+00,   9.97704679e-01,
        -2.56441699e-04,  -1.98708323e+00,   9.95971258e-01,
         9.91990302e-01,   5.38788269e-04,  -7.30710508e-04,
         9.94433735e-01,   9.93585470e-01,   1.98744150e+00,
         4.97595630e+00,  -5.12000000e+00,   9.99991198e-01,
        -2.10434370e-03,  -2.46358971e-04,  -2.02192538e-03,
        -1.99027068e+00]), 'Stopping search: maximum iterations reached --> 600', 513.9225372978417, 600)
INFO:root:Segment number which has global min is 3
INFO:root:Solving the function using standard PSO
INFO:root:PSO result for non-segmented is (array([  1.98993210e+00,   2.98488174e+00,  -5.12000000e+00,
         1.31495894e-05,   2.98485470e+00,   2.10031717e-05,
         4.26524537e-06,   5.12000000e+00,  -3.29417589e-05,
        -1.98992667e+00,   9.94939300e-01,   4.79601861e-06,
         1.98990744e+00,   9.94955947e-01,   3.97976952e+00,
         1.98987491e+00,   4.97468546e+00,  -1.98990710e+00,
        -1.98993178e+00,  -9.94943877e-01,  -1.46612854e-05,
        -9.94975906e-01,  -4.97468314e+00,   9.94969910e-01,
         2.98486029e+00,  -3.78667832e-05,   1.98991544e+00,
         9.94946802e-01,   7.97178294e-06,  -9.94965012e-01,
        -6.83908321e-06,  -2.98485935e+00,  -1.98992169e+00,
         4.96443600e-06,   1.98992445e+00,   2.98485140e+00,
        -1.94546103e-05,  -2.98488833e+00,   1.98992942e+00,
         1.98991102e+00,   5.12000000e+00,  -9.94975570e-01,
        -3.97976214e+00,  -2.98484072e+00,  -5.12000000e+00,
         1.98986881e+00,  -9.94930194e-01,   1.77757294e-06,
        -9.94947692e-01,  -5.45848675e-06,   9.94967236e-01,
        -9.94963243e-01,  -2.98486627e+00,  -2.98484546e+00,
        -1.21997789e-05,   1.98991356e+00,  -2.35625467e-06,
        -9.94939667e-01,  -3.97978920e+00,  -2.86603844e-05,
        -1.98988980e+00,   1.98989010e+00,   2.98496694e+00,
         5.12000000e+00,   1.98990767e+00,  -2.98488449e+00,
         5.12000000e+00,   3.97977438e+00,   9.94953849e-01,
        -9.12370140e-06,  -9.94949892e-01,   1.98991528e+00,
         9.94951963e-01,   5.12000000e+00,  -3.41631139e-05,
         4.67138637e-06,   2.39486310e-05,  -5.12000000e+00,
         2.98485047e+00,   3.97977773e+00,   5.45621680e-05,
        -9.94966432e-01,   9.94962679e-01,   7.66410173e-06,
        -1.98990578e+00,  -9.94945070e-01,   3.97979014e+00,
        -3.70014461e-07,   9.94961102e-01,  -5.12000000e+00,
         2.98482452e+00,   2.98483324e+00,   9.94976209e-01,
        -1.35054766e-04,   1.98989259e+00,   9.94961494e-01,
         1.98990628e+00,   9.94957285e-01,   1.04488432e-05,
         1.03071665e-05]), 'Stopping search: Swarm best objective change less than 1e-08', 633.43044277539366, 1289)
INFO:root:Non-segmented PSO global min 633.4304427753937
INFO:root:Solving the function using Segmented PSO
INFO:root:Dimension to be segmented : 74
Total number of iterations in PSO Segmented : 3000
INFO:root:Segmented PSO global min (array([ -1.04113645e-03,  -5.53440286e-03,   9.86868292e-01,
(486.60151537877988, 633.43044277539366, 1, 0, 146.82892739661378)
        -1.99851584e+00,  -6.13095623e-03,  -2.98526169e+00,
        -8.95827582e-03,  -1.01165231e+00,  -4.97922951e+00,
         1.00196497e+00,  -3.98503601e+00,  -2.98367775e+00,
        -2.46079686e-03,   4.97025611e+00,  -1.98724307e+00,
        -2.01018853e+00,   2.93250732e-02,  -3.98838299e+00,
         1.31126851e-02,   1.12918440e-02,  -9.96364799e-01,
        -2.76821316e-02,   5.12000000e+00,  -2.99579948e+00,
         1.99123221e+00,   1.44102015e-03,  -1.99083733e+00,
         1.97953856e+00,  -9.98427498e-01,  -8.60012234e-03,
        -9.98738941e-01,  -8.36342975e-04,  -1.99106612e+00,
         1.98882648e+00,   1.63108185e-04,  -2.97540147e+00,
         1.07836252e-02,   9.98136239e-01,  -1.99021400e+00,
         9.89963112e-01,  -9.99243391e-01,   1.49695607e-02,
         1.92314644e-03,  -5.12000000e+00,  -2.42199096e-02,
        -9.98042675e-01,  -1.25590160e-02,   9.99624173e-01,
         5.12000000e+00,  -5.12000000e+00,   4.54654620e-03,
         1.98984679e+00,   4.10661278e-03,   9.96362290e-01,
         5.12000000e+00,   9.87483323e-01,   2.99349473e+00,
         1.00715283e+00,   8.99941391e-03,  -1.00082100e+00,
         2.98886419e+00,  -1.98111150e+00,  -1.00621220e+00,
         9.88219323e-01,  -1.18088310e-03,  -9.89890780e-01,
        -1.00119167e+00,  -1.98109797e+00,   3.97500224e+00,
         9.91942120e-01,   8.78309031e-03,   1.99812149e+00,
         9.95003406e-01,  -1.00358362e+00,  -2.97587481e+00,
        -3.27278803e-02,  -1.99127223e+00,   1.51264046e-03,
        -1.98798146e+00,   9.88469547e-01,  -2.00754465e+00,
         1.00028184e+00,   9.84951727e-01,   5.42255780e-03,
        -2.99050032e+00,  -5.12000000e+00,   9.88725093e-01,
         1.98810233e+00,   1.09170872e-03,  -1.29796608e-02,
        -9.95432532e-01,  -1.99463550e+00,   9.91824054e-01,
         5.12000000e+00,  -9.99803179e-01,  -1.99554449e+00,
        -1.99338132e+00,   5.84718686e-03,   9.95756682e-01,
        -1.99559174e+00]), 'Stopping search: maximum iterations reached --> 600', 486.60151537877988, 600)
INFO:root:Segment number which has global min is 1
INFO:root:Solving the function using standard PSO
INFO:root:PSO result for non-segmented is (array([  3.71722313e-06,   2.98486385e+00,   8.68428071e-06,
        -1.98992372e+00,  -2.72899239e-06,   9.94959760e-01,
         9.94962172e-01,  -4.58001990e-06,  -9.94969117e-01,
        -5.13377761e-07,  -7.88867932e-06,  -3.97977811e+00,
        -1.98991437e+00,  -5.12000000e+00,  -8.81768616e-06,
         2.98484048e+00,  -3.97978585e+00,   9.94945719e-01,
        -8.05926956e-06,  -9.94944349e-01,   9.94963423e-01,
         7.46097875e-06,   9.94966321e-01,  -9.94966431e-01,
        -1.98990611e+00,  -9.64993004e-06,   9.94957170e-01,
        -1.98991991e+00,  -9.94954370e-01,  -4.97469884e+00,
         9.94957341e-01,  -1.62503467e-05,   3.97978622e+00,
         9.97439889e-06,  -5.80417371e-06,  -5.12000000e+00,
         1.98991470e+00,  -1.98990746e+00,   9.94938476e-01,
         2.98484801e+00,  -1.98991490e+00,   9.94979674e-01,
        -1.35362691e-05,  -2.98479707e+00,  -4.53386296e-07,
         6.83046250e-09,   3.54622577e-06,  -9.94959026e-01,
        -1.98991193e+00,  -2.98483949e+00,   7.27017002e-06,
         9.94954039e-01,  -4.97469974e+00,   1.98993594e+00,
        -9.94953417e-01,  -4.97469052e+00,   9.94953442e-01,
        -3.97977743e+00,  -9.94973940e-01,   1.98989345e+00,
         2.98479856e+00,   1.98990532e+00,  -4.97470725e+00,
         9.94975968e-01,   1.98993035e+00,  -2.98486605e+00,
        -9.94953344e-01,   9.46251463e-06,   9.94965893e-01,
        -1.98991564e+00,  -1.20919905e-06,   2.98483750e+00,
         9.94955543e-01,   4.42022269e-06,   1.98991319e+00,
        -4.97468485e+00,   5.12000000e+00,  -5.57870148e-06,
        -1.98991400e+00,   1.98990092e+00,   5.12000000e+00,
        -9.94945508e-01,   7.35905107e-06,   9.94953151e-01,
        -6.65390807e-06,  -9.94961405e-01,   1.33920886e-06,
        -4.26612779e-06,   2.98483729e+00,   5.12000000e+00,
        -9.94948488e-01,  -9.94962958e-01,  -9.94936409e-01,
         2.60144733e-06,   1.98991131e+00,   9.94949828e-01,
         1.98990564e+00,  -9.94973066e-01,   9.94954727e-01,
         9.94968994e-01]), 'Stopping search: Swarm best objective change less than 1e-08', 516.7362239039885, 988)
INFO:root:Non-segmented PSO global min 516.7362239039885
INFO:root:Solving the function using Segmented PSO
INFO:root:Dimension to be segmented : 93
INFO:root:Segmented PSO global min (array([  1.53639638e-03,   9.93383121e-01,  -9.94291764e-01,
        -9.97921994e-01,  -9.96606334e-01,   9.95017294e-01,
         9.92964183e-01,   4.97215964e+00,   1.98934650e+00,
        -1.98982874e+00,  -1.98918514e+00,  -9.93174024e-01,
         9.92102553e-01,  -4.97239855e+00,  -9.96078180e-01,
         3.45981361e-03,  -1.98601327e+00,   9.94768638e-01,
        -9.95421180e-01,   1.00099617e+00,   9.97223206e-01,
         4.24557136e-04,  -9.94014465e-01,  -9.92174506e-01,
         9.93251971e-01,   9.91444787e-01,  -5.12000000e+00,
        -9.95247154e-01,   1.99214154e+00,  -5.12000000e+00,
        -9.88629173e-01,  -4.97485454e+00,   5.12000000e+00,
         9.91055135e-01,   9.90354262e-01,   1.98758403e+00,
        -2.98026563e+00,   9.95379422e-01,   2.77517259e-03,
        -9.91151485e-01,   1.98969393e+00,  -3.82657617e-03,
        -4.97611223e+00,  -5.12000000e+00,  -2.20579877e-03,
         9.93864114e-01,  -2.98720611e+00,  -3.24679981e-04,
        -1.98732026e+00,   9.93802674e-01,  -5.02813678e-03,
         9.97573796e-01,   4.97156727e+00,  -8.84874926e-06,
        -1.99605330e+00,   8.90384902e-04,  -2.98210873e+00,
        -9.96545673e-01,   1.99152148e+00,  -1.98956882e+00,
        -2.98183400e+00,  -9.97874735e-01,  -5.12000000e+00,
         9.95505519e-01,   1.98797804e+00,   1.99163888e+00,
         1.98830640e+00,   4.52380954e-04,  -2.97880092e+00,
         9.95335146e-01,   9.96125533e-01,   9.94309228e-01,
         1.99162131e+00,   9.96114666e-01,  -4.97347614e+00,
         2.98473787e+00,  -9.98321879e-01,  -9.86246742e-01,
         9.86615007e-04,  -5.12000000e+00,   2.98561658e+00,
         2.73888086e-04,  -1.41539141e-03,   9.95174925e-01,
        -1.99161558e+00,   9.98546533e-01,  -2.98311404e+00,
        -2.98345657e+00,  -3.17322956e-03,  -9.93366969e-01,
        -1.00142979e+00,  -2.36442834e-03,   1.23668291e-03,
         1.02400000e+00,   1.40068495e-03,  -1.99115554e+00,
        -9.92949859e-01,  -1.99129570e+00,   2.98785993e+00,
        -9.94257083e-01]), 'Stopping search: maximum iterations reached --> 600', 526.0602618439691, 600)
INFO:root:Segment number which has global min is 3
INFO:root:Solving the function using standard PSO
Total number of iterations in PSO Segmented : 3000
(526.0602618439691, 516.7362239039885, 0, 1, -9.3240379399805988)
INFO:root:PSO result for non-segmented is (array([ -9.94952516e-01,  -9.94960036e-01,   5.26617751e-06,
        -4.97468820e+00,   9.94961504e-01,   9.94955653e-01,
         2.98485280e+00,   9.94949462e-01,   7.29987364e-06,
         5.12000000e+00,  -5.12000000e+00,  -5.47407857e-07,
         1.98991256e+00,  -5.12000000e+00,  -2.85852230e-06,
         9.94976376e-01,  -5.12000000e+00,   9.94956615e-01,
         4.97468874e+00,   1.98990136e+00,  -5.93009624e-06,
         9.94951399e-01,  -9.94953287e-01,   1.98990619e+00,
        -8.26195019e-06,   7.04612145e-06,  -9.94967828e-01,
        -9.94959386e-01,  -9.94942189e-01,   9.94957603e-01,
        -9.94958333e-01,   1.98990580e+00,   1.98992184e+00,
        -9.94952176e-01,   9.94961819e-01,   2.48034828e-06,
        -9.94949881e-01,  -9.94959973e-01,   9.94956866e-01,
        -9.94966128e-01,   1.19847277e-05,   1.52792022e-06,
         1.05633665e-05,  -4.97470411e+00,  -5.12000000e+00,
        -1.98991642e+00,   9.94965937e-01,   9.94968200e-01,
         7.60257079e-07,   1.64945624e-06,  -1.98990717e+00,
         9.94958421e-01,   1.98991716e+00,   5.12000000e+00,
         1.32945395e-05,   5.30828215e-06,   1.34612098e-05,
        -9.94958686e-01,  -4.97468985e+00,   9.94956502e-01,
        -9.94967614e-01,  -9.94959043e-01,  -1.98991222e+00,
         9.94958048e-01,   1.98991536e+00,   2.12202234e-06,
        -2.98484130e+00,   3.57939860e-06,   9.94956698e-01,
        -5.39386905e-06,  -6.81586552e-06,   7.19735135e-06,
        -4.97469722e+00,   9.94947760e-01,   2.98484546e+00,
        -9.94958889e-01,   2.98485130e+00,   9.94960048e-01,
        -2.98486461e+00,   4.97469886e+00,   9.94959314e-01,
        -1.10361745e-05,  -1.98991729e+00,   1.87234307e-06,
         9.94961726e-01,   3.75358947e-06,   9.94965108e-01,
        -5.08089265e-06,   9.94958428e-01,   2.98484682e+00,
         1.98990958e+00,   9.94968060e-01,   7.24487424e-06,
        -2.52278819e-06,   9.94953183e-01,  -3.97978374e+00,
         1.98991760e+00,   9.94956888e-01,   3.94060375e-06,
        -3.31055071e-06]), 'Stopping search: Swarm best objective change less than 1e-08', 482.97868071961921, 1374)
INFO:root:Non-segmented PSO global min 482.9786807196192
INFO:root:Solving the function using Segmented PSO
INFO:root:Dimension to be segmented : 78
Total number of iterations in PSO Segmented : 3000
INFO:root:Segmented PSO global min (array([ -1.99088013e+00,  -9.94691394e-01,   2.98513781e+00,
(480.86071156589941, 482.97868071961921, 1, 0, 2.1179691537197982)
        -2.98476284e+00,   1.99026686e+00,  -9.94678458e-01,
         4.97277232e+00,  -9.95619160e-01,   1.99112779e+00,
         1.99114002e+00,  -1.99035057e+00,   9.94377704e-01,
         1.10560106e-03,  -9.96023458e-01,   9.94948746e-01,
        -1.98954673e+00,  -3.97966125e+00,  -1.20226058e-04,
        -1.03281994e-03,  -4.97634480e+00,   1.99088847e+00,
         5.47658884e-04,   4.86593755e-04,  -3.97964930e+00,
        -2.98455251e+00,  -4.29587453e-05,  -9.95934134e-01,
        -5.12000000e+00,   9.97035867e-01,  -3.64251443e-04,
         9.95433120e-01,  -2.98469790e+00,  -9.96258259e-01,
         9.94581208e-01,  -1.67102977e-04,  -2.98486149e+00,
        -1.54445492e-03,   9.95973197e-01,  -9.94140851e-01,
         7.52729989e-04,   7.24888074e-05,  -6.04530766e-04,
        -6.46756998e-05,  -9.94819066e-01,   3.98047574e+00,
         9.95491361e-01,   1.98882790e+00,  -1.98915026e+00,
        -9.94519864e-01,   9.95143872e-01,   2.98489709e+00,
         7.99126422e-04,   9.96260380e-01,  -9.57988984e-05,
         9.95926690e-01,   2.98367496e+00,  -9.93609000e-01,
         6.47571759e-04,  -5.12000000e+00,   3.98029311e+00,
        -2.98518784e+00,   1.98886298e+00,  -9.94797098e-01,
        -6.29718024e-07,   1.98907460e+00,  -1.98919843e+00,
        -5.12000000e+00,   9.94388114e-01,  -9.93807414e-01,
        -4.16775074e-04,   6.80199085e-04,  -2.82977389e-04,
        -1.98866107e+00,  -2.98361924e+00,  -9.94096686e-01,
         6.08333217e-04,  -9.94393215e-01,   9.94683770e-01,
         1.99002565e+00,   1.99177934e+00,  -1.98917671e+00,
         9.94380674e-01,  -2.03023678e-04,   2.98474114e+00,
         2.98629766e+00,  -5.12000000e+00,  -1.98946159e+00,
         9.94320911e-01,   4.97463682e+00,   9.94164930e-01,
        -3.97913341e+00,  -9.95545772e-01,   1.25212693e-03,
        -1.98786831e+00,   9.94759743e-01,   8.74495701e-04,
         1.99058767e+00,   9.94055644e-01,   9.96778960e-01,
         1.98943398e+00]), 'Stopping search: maximum iterations reached --> 600', 480.86071156589941, 600)
INFO:root:Segment number which has global min is 3
INFO:root:Solving the function using standard PSO
INFO:root:PSO result for non-segmented is (array([ -9.94992169e-01,  -9.94958099e-01,   1.58304273e-06,
         2.98485407e+00,  -1.89096683e-06,  -2.98485541e+00,
         9.94961557e-01,   3.97978849e+00,   1.98991257e+00,
        -3.42997957e-06,   9.94957146e-01,  -1.98989936e+00,
         1.89805984e-06,  -5.35492675e-06,   9.94969197e-01,
        -9.94956281e-01,  -9.83536810e-07,   3.97978524e+00,
        -1.98992340e+00,   9.94950785e-01,  -9.94954971e-01,
        -1.98991025e+00,  -9.94956935e-01,   1.98989948e+00,
        -9.94955535e-01,   1.98991047e+00,  -5.12000000e+00,
         2.98484230e+00,   2.98486468e+00,   1.98991441e+00,
         9.94961723e-01,  -2.35273831e-06,  -4.97470810e+00,
        -3.26178670e-06,  -9.94954738e-01,  -9.94964599e-01,
         9.94961533e-01,   1.98989721e+00,  -1.98991471e+00,
        -9.94956334e-01,   1.98992804e+00,  -5.12000000e+00,
         9.94954702e-01,  -1.98991304e+00,  -3.97977767e+00,
        -1.63597308e-06,   1.98991855e+00,   9.94951145e-01,
         9.94958630e-01,  -6.67705324e-06,  -1.98992259e+00,
         9.94961224e-01,   1.98990900e+00,  -1.98990501e+00,
        -2.40237339e-06,  -9.94951207e-01,  -4.97469906e+00,
        -1.98990996e+00,   1.98990917e+00,  -1.07290112e-05,
        -9.94963676e-01,   9.94958467e-01,   2.98486189e+00,
         2.98484622e+00,   6.41155080e-06,  -9.94946282e-01,
         4.11542821e-06,   9.68377818e-06,   1.98991292e+00,
        -9.94953081e-01,   1.98992408e+00,   1.98991192e+00,
        -2.98486021e+00,   9.94970133e-01,   2.87637635e-06,
        -3.28687886e-06,  -2.98485856e+00,  -9.94956831e-01,
        -4.37824128e-07,   9.94947708e-01,  -7.03655737e-06,
         5.12000000e+00,  -9.94958192e-01,  -1.95906544e-07,
         3.97979408e+00,   1.89685053e-06,   9.94962137e-01,
         9.94962931e-01,  -9.94956198e-01,  -1.20366081e-06,
        -7.53619503e-06,   2.59810297e-07,   9.94961010e-01,
        -2.98485093e+00,   6.83243388e-07,  -2.98485641e+00,
        -1.98991105e+00,   9.74429210e-06,  -2.98485569e+00,
         5.12000000e+00]), 'Stopping search: Swarm best objective change less than 1e-08', 443.03903540253975, 1165)
INFO:root:Non-segmented PSO global min 443.03903540253975
INFO:root:Solving the function using Segmented PSO
INFO:root:Dimension to be segmented : 87
Total number of iterations in PSO Segmented : 3000
INFO:root:Segmented PSO global min (array([  5.12000000e+00,   9.94004172e-01,   5.61716970e-03,
(610.77060312294054, 443.03903540253975, 0, 1, -167.73156772040079)
         5.12000000e+00,   5.20743717e-03,   1.01672524e-03,
        -9.94264286e-01,   2.98812195e+00,   1.99006084e+00,
        -9.95909458e-01,  -9.96443264e-01,   5.12000000e+00,
        -3.74457373e-04,  -1.99472714e+00,  -2.37877181e-03,
        -1.98337765e+00,  -5.12000000e+00,   4.18489653e-03,
         1.98995943e+00,   3.84319171e-03,  -3.97992641e+00,
         1.50223833e-03,   1.99754227e+00,   2.98353705e+00,
        -2.76508326e-03,   2.98648050e+00,   1.98973732e+00,
         9.99075204e-01,  -9.92528208e-01,   9.99633429e-01,
         3.25608900e-04,  -1.99091292e+00,  -3.98684429e+00,
         9.95264448e-01,  -9.99276633e-01,   9.86603862e-01,
         1.99651145e+00,   9.96376224e-01,  -1.98767394e+00,
         1.98464258e+00,  -2.98188164e+00,  -1.65790108e-03,
         1.98685759e+00,  -2.70034046e-03,   9.92239703e-01,
        -1.99314119e+00,  -1.42534228e-03,  -4.97675153e+00,
        -3.95776126e-03,   2.98040711e+00,  -9.90659847e-01,
        -9.96841228e-01,   1.98569832e+00,  -3.97280638e+00,
         1.98699913e+00,  -2.25744987e-04,  -9.91252645e-01,
         9.98861901e-01,   5.12000000e+00,  -4.97225586e+00,
         2.98381568e+00,  -5.54466564e-03,   3.98306521e+00,
         9.98721026e-01,   2.97917636e+00,   9.93825765e-01,
         1.37189261e-04,  -9.96831556e-01,  -1.98196331e+00,
        -2.98243116e+00,   2.99536084e+00,   4.97210791e+00,
         1.99305397e+00,   9.95112226e-01,  -1.04718858e-03,
         1.09608503e-03,  -3.98250690e+00,   1.98784785e+00,
         1.98514894e+00,   4.41748108e-03,   3.98203408e+00,
        -1.11862986e-03,  -1.97723002e+00,  -3.42383803e-03,
        -9.92501505e-01,  -2.98356337e+00,   6.33733257e-03,
        -2.98738854e+00,   1.96811148e+00,  -9.93525694e-01,
        -9.91906040e-01,   9.96909342e-01,  -3.97697250e+00,
         2.98291827e+00,   5.12000000e+00,   2.85297006e-03,
         5.12000000e+00,   9.92463444e-01,   9.91920309e-01,
         2.98872452e+00]), 'Stopping search: maximum iterations reached --> 600', 610.77060312294054, 600)
INFO:root:Segment number which has global min is 1
INFO:root:Solving the function using standard PSO
INFO:root:PSO result for non-segmented is (array([ -1.16165985e-05,  -5.12000000e+00,  -3.97976482e+00,
         1.98989910e+00,   9.94964131e-01,   1.98988387e+00,
        -9.94897069e-01,  -9.94966392e-01,  -5.12000000e+00,
        -1.98990396e+00,  -1.98991197e+00,   6.15812271e-06,
         2.98486191e+00,   5.12000000e+00,  -5.12000000e+00,
         3.97977745e+00,  -9.94938795e-01,   4.97469466e+00,
        -2.98488564e+00,  -1.89862323e-05,  -5.12000000e+00,
         3.97977903e+00,   1.98992148e+00,   1.97408374e-05,
         2.98484247e+00,   1.35729001e-05,  -9.94948481e-01,
         7.16454087e-06,   1.98988864e+00,   9.94952864e-01,
        -2.98484754e+00,  -9.94950353e-01,   1.02158414e-05,
        -9.94945790e-01,   2.98483342e+00,   8.39909926e-07,
        -4.42267185e-06,  -3.18284817e-06,  -9.94949450e-01,
        -1.98992238e+00,   4.97468892e+00,  -9.94955305e-01,
        -2.98484152e+00,  -9.94974098e-01,  -8.16747995e-06,
        -2.98480837e+00,  -9.94951147e-01,  -9.94967400e-01,
         2.98484178e+00,   9.94964127e-01,  -9.40752121e-06,
        -9.94930797e-01,   2.98488231e+00,  -2.40021377e-05,
         9.94947320e-01,   2.26964908e-06,   1.21996765e-05,
        -1.98985749e+00,  -9.94946361e-01,  -9.94941131e-01,
         9.94975304e-01,  -9.94969999e-01,   9.94938358e-01,
         4.84766545e-06,  -3.97979689e+00,  -3.97981464e+00,
         4.97468907e+00,   2.98485140e+00,  -5.12000000e+00,
         9.94956245e-01,  -1.98992913e+00,   9.94957573e-01,
         9.94948226e-01,  -9.94959287e-01,  -1.98989696e+00,
         9.94950790e-01,   2.26756695e-05,  -5.12000000e+00,
         5.12000000e+00,   1.98988903e+00,   2.84268047e-05,
         9.94972522e-01,  -9.94950599e-01,  -5.12000000e+00,
        -9.94957474e-01,   9.94998633e-01,  -2.82739943e-05,
         5.25137443e-07,   2.61586503e-05,  -3.97976213e+00,
         9.94960157e-01,   2.98487001e+00,  -9.94969939e-01,
         1.98991845e+00,   1.14743772e-05,   1.98990519e+00,
        -1.98990997e+00,  -5.12000000e+00,  -1.98988918e+00,
        -1.98991695e+00]), 'Stopping search: Swarm best objective change less than 1e-08', 653.40037697062223, 802)
INFO:root:Non-segmented PSO global min 653.4003769706222
INFO:root:Solving the function using Segmented PSO
INFO:root:Dimension to be segmented : 5
Total number of iterations in PSO Segmented : 3000
INFO:root:Segmented PSO global min (array([  1.00326240e+00,   9.92899716e-01,   2.98632431e+00,
(414.94254617308229, 653.40037697062223, 1, 0, 238.45783079753994)
        -3.59142379e-03,  -9.98232024e-01,  -1.02400000e+00,
        -9.93262627e-01,   5.23238010e-03,   7.73125656e-03,
        -9.80754116e-01,  -3.99048118e+00,  -2.97932310e+00,
         9.89161949e-01,   9.97392875e-01,   5.43016597e-04,
         4.96814245e+00,   4.43921892e-03,   9.97519388e-01,
        -5.12000000e+00,   1.99158002e+00,   5.71204489e-03,
         9.91350555e-01,  -9.92818216e-01,  -9.96832286e-01,
         9.85663078e-01,  -3.36791216e-03,  -2.98760047e+00,
         1.98522731e+00,   7.28807775e-03,   9.88921335e-01,
        -2.22781016e-03,   2.49933606e-03,  -3.54782127e-03,
         9.85854458e-01,   1.99609249e+00,   5.12000000e+00,
        -9.95930882e-01,  -9.97542058e-01,  -3.69425534e-03,
         5.35167109e-03,   2.98065245e+00,   1.01024694e+00,
        -2.98575895e+00,   1.98725546e+00,  -2.16719149e-04,
        -9.98177370e-01,  -1.98863183e+00,  -9.99510263e-01,
        -9.96904602e-01,  -2.09571568e-03,  -1.99757093e+00,
         9.91971635e-01,  -6.45304844e-03,   9.92286997e-01,
        -1.38168659e-03,  -1.00152583e+00,  -5.12000000e+00,
         3.99076064e+00,   9.88352647e-01,   9.89015103e-01,
        -4.48897249e-03,   9.96632621e-01,   7.20317141e-03,
         7.45863763e-04,   1.16655266e-03,   3.48274135e-03,
         2.99647090e+00,  -9.97873054e-01,  -1.97782993e+00,
         6.37615795e-03,   3.96737764e+00,   9.92204592e-01,
         9.97692606e-01,  -9.92367435e-01,  -2.98408285e+00,
        -1.38653795e-03,   9.93583891e-01,   9.99397058e-01,
         5.12000000e+00,   2.98827332e+00,  -5.70962849e-03,
         3.97715291e+00,   1.00227593e+00,  -2.97910253e+00,
         9.96067280e-01,  -1.00130923e+00,  -9.93733076e-01,
        -9.92695446e-01,  -1.98493737e+00,   1.99550669e+00,
        -3.98274242e+00,   1.99416710e+00,  -1.98644145e+00,
         4.96325965e+00,  -5.41820293e-03,   9.86607627e-01,
        -4.27508828e-04,   1.99687100e+00,   9.94510217e-01,
         1.00060899e+00]), 'Stopping search: maximum iterations reached --> 600', 414.94254617308229, 600)
INFO:root:Segment number which has global min is 1
INFO:root:Solving the function using standard PSO
INFO:root:PSO result for non-segmented is (array([ -4.97470336e+00,  -2.98486516e+00,   3.46930587e-05,
         5.12000000e+00,  -9.94928420e-01,  -1.98991922e+00,
         9.94953555e-01,   2.01096166e-05,   1.85995081e-05,
        -3.97983069e+00,   6.27479687e-06,   9.94995669e-01,
         4.97468093e+00,  -9.94970594e-01,   3.97981767e+00,
         4.37988727e-06,  -9.94968112e-01,   4.97469539e+00,
        -3.97977597e+00,  -4.97469390e+00,  -1.34950073e-05,
        -5.12000000e+00,  -1.98988180e+00,   1.98990555e+00,
         9.94887349e-01,  -9.94923411e-01,   1.98996447e+00,
        -9.95012342e-01,  -3.52004378e-06,  -9.94950890e-01,
        -9.94912713e-01,   9.94946267e-01,   1.98992554e+00,
         1.98992452e+00,  -2.98483401e+00,   4.97466361e+00,
         9.94957323e-01,   9.94988541e-01,  -2.98489808e+00,
         3.97980622e+00,   1.08278277e-05,  -2.99366169e-06,
         1.98991051e+00,   1.98990575e+00,   9.94936535e-01,
        -1.98992306e+00,  -9.94964932e-01,  -9.94987406e-01,
        -9.94955150e-01,   9.94947516e-01,  -9.94950205e-01,
        -9.94982859e-01,   1.98991285e+00,   1.98990779e+00,
         1.07866306e-04,   4.97472664e+00,   2.98485026e+00,
        -9.94960035e-01,   2.98483889e+00,  -5.09261797e-06,
        -5.12000000e+00,   5.12000000e+00,  -5.12000000e+00,
        -9.94939104e-01,   1.98992377e+00,   2.98482167e+00,
         9.94965770e-01,   1.98993019e+00,   1.98989925e+00,
        -9.94940934e-01,  -1.98991194e+00,  -2.74114002e-06,
        -9.94946798e-01,  -9.94937814e-01,   2.98485430e+00,
        -9.94961644e-01,   2.57765817e-06,  -1.98991628e+00,
         1.98990016e+00,  -1.98997314e+00,   9.94967315e-01,
         9.94962832e-01,  -9.94979315e-01,  -9.94941973e-01,
         9.94948829e-01,   1.81850629e-05,  -5.12000000e+00,
        -9.94929101e-01,   9.94918307e-01,  -2.98485577e+00,
         2.98484568e+00,  -7.55395996e-06,   5.12000000e+00,
        -9.94927762e-01,  -1.50289198e-05,  -5.12000000e+00,
         3.97998757e+00,  -2.98488307e+00,   1.98993226e+00,
         9.94947343e-01]), 'Stopping search: Swarm best objective change less than 1e-08', 661.21761703203538, 964)
INFO:root:Non-segmented PSO global min 661.2176170320354
INFO:root:Solving the function using Segmented PSO
INFO:root:Dimension to be segmented : 50
Total number of iterations in PSO Segmented : 3000
(474.47159878786579, 661.21761703203538, 1, 0, 186.74601824416959)
INFO:root:Segmented PSO global min (array([  9.88292145e-01,  -2.98252648e+00,  -2.98958143e+00,
        -9.94418880e-01,   2.98519575e+00,   9.96146037e-01,
         8.10175290e-03,   1.98998043e+00,  -5.12000000e+00,
        -6.62510556e-03,  -4.28042378e-03,   1.00049522e+00,
         2.98734986e+00,   1.16099094e-02,   2.00286834e+00,
         1.00223978e+00,   2.07568925e-04,  -1.98738215e+00,
        -9.97218067e-01,  -1.00048168e+00,  -5.12000000e+00,
         1.00118886e+00,  -2.97515827e+00,   1.99202663e+00,
        -9.87369555e-01,  -3.97960598e+00,   1.98460270e+00,
         9.95151453e-01,  -9.95222903e-01,   5.12000000e+00,
         9.92781956e-01,   3.17477508e-03,   6.96523279e-03,
        -8.73805938e-04,  -1.24251185e-03,  -1.00052022e+00,
        -9.91253073e-01,  -1.98845290e+00,   2.98056294e+00,
         9.94727316e-01,   9.91481588e-01,   1.99404898e+00,
        -9.95652414e-01,  -1.98812022e+00,   9.88810102e-01,
        -9.90520874e-01,   2.99169974e+00,  -2.59960990e-03,
        -9.89607940e-01,  -1.99638701e+00,  -2.98977835e+00,
        -9.95651372e-01,   1.99608075e+00,   2.98509929e+00,
         1.76289055e-03,  -2.98720977e+00,  -5.12000000e+00,
         1.00014451e+00,  -2.98984279e+00,   3.41771587e-03,
        -9.95663284e-01,  -3.97191153e+00,   5.12000000e+00,
        -1.99258461e+00,  -9.91957592e-01,   4.88339888e-03,
        -1.00201517e+00,   1.99086777e+00,   2.98589428e+00,
        -1.99158757e+00,   1.99157850e+00,   1.00182984e+00,
         3.98122737e+00,   3.93062005e-03,  -2.05205155e-02,
         7.99714051e-03,  -1.98906016e+00,  -3.98736195e+00,
         3.63470309e-03,  -1.30919943e-02,   3.98246525e+00,
        -9.89422697e-01,  -9.93721223e-01,  -1.00178391e+00,
         2.64687167e-03,   7.63714441e-04,   2.05140143e-03,
        -5.65788179e-03,   2.77941564e-03,  -2.98364778e+00,
         3.98229687e+00,  -9.97214115e-01,   4.69621155e-03,
         1.00086160e+00,  -6.44410944e-03,   9.91781969e-01,
        -2.97838798e+00,  -9.99374502e-01,  -3.97999008e+00,
        -1.16530628e-03]), 'Stopping search: maximum iterations reached --> 600', 474.47159878786579, 600)
INFO:root:Segment number which has global min is 1
INFO:root:Solving the function using standard PSO
INFO:root:PSO result for non-segmented is (array([ -9.94956069e-01,  -1.09031218e-05,   9.94953966e-01,
        -9.94965473e-01,   8.07259156e-06,  -2.54148136e-06,
         7.83732780e-06,   5.35051319e-06,   1.98991278e+00,
         1.98990058e+00,  -9.94956993e-01,  -5.12000000e+00,
         9.94955749e-01,  -1.48167303e-06,  -1.98991093e+00,
        -2.98484770e+00,  -9.94963740e-01,   8.97256782e-06,
         4.97469985e+00,  -2.98484998e+00,  -9.94958626e-01,
         9.94952618e-01,   9.94965371e-01,   9.94929250e-01,
         9.94943574e-01,   9.94948535e-01,  -9.94957238e-01,
        -5.12000000e+00,   3.97979071e+00,   2.98486624e+00,
         9.94971489e-01,   5.12000000e+00,  -9.38728464e-06,
        -1.98991028e+00,   2.98485199e+00,  -1.98991017e+00,
         1.98991012e+00,  -1.08763219e-05,  -1.98991541e+00,
         5.12000000e+00,  -2.98485548e+00,  -1.98990603e+00,
        -2.98484484e+00,   2.82696152e-06,  -9.94962846e-01,
        -1.98991400e+00,   2.98486197e+00,  -9.94954943e-01,
         3.97978013e+00,  -6.55613629e-06,  -9.94960013e-01,
         1.98991461e+00,   1.98991902e+00,  -5.12000000e+00,
         2.98485864e+00,  -8.79210467e-06,  -9.94952761e-01,
         1.98991694e+00,   3.97980313e+00,   1.83781830e-06,
         9.94965412e-01,  -8.27296901e-06,  -1.98991115e+00,
         4.37376388e-06,   1.98990228e+00,   5.12000000e+00,
         9.94957258e-01,   5.12000000e+00,  -1.98991088e+00,
         9.94958424e-01,  -2.98486151e+00,  -9.94960811e-01,
        -9.94960019e-01,   3.97977624e+00,   2.39011613e-06,
        -2.98484597e+00,  -1.18523512e-05,  -9.94969445e-01,
        -9.94948185e-01,   2.82029890e-06,  -4.97470074e+00,
        -9.94958291e-01,  -9.94945782e-01,   2.31165122e-05,
         9.94963830e-01,  -1.98991716e+00,  -9.94962326e-01,
        -8.56148369e-07,  -9.94955162e-01,  -5.77336474e-06,
         5.12000000e+00,   9.94954446e-01,   9.94963575e-01,
        -5.12000000e+00,  -9.94952953e-01,  -2.98485748e+00,
        -5.12000000e+00,   1.05926301e-05,  -9.94961872e-01,
         1.98992129e+00]), 'Stopping search: Swarm best objective change less than 1e-08', 602.65791121904056, 1016)
INFO:root:Non-segmented PSO global min 602.6579112190406
INFO:root:Solving the function using Segmented PSO
INFO:root:Dimension to be segmented : 53
INFO:root:Segmented PSO global min (array([  1.99435991e+00,  -9.95953685e-01,   9.95729658e-01,
Total number of iterations in PSO Segmented : 3000
         1.98907146e+00,   9.95144256e-01,   9.96278499e-01,
(469.10817763078001, 602.65791121904056, 1, 0, 133.54973358826055)
        -2.98378447e+00,   9.93121592e-01,  -9.94803519e-01,
        -9.95966674e-01,   9.94051207e-01,   1.31713857e-03,
         9.95685951e-01,   9.96903233e-01,   9.83358067e-01,
        -1.03967660e-03,  -9.93549817e-01,  -2.98482763e+00,
         3.98379738e+00,   4.96996097e+00,   2.98386922e+00,
         1.99205947e+00,  -1.59728481e-03,   9.96014427e-01,
        -9.93573314e-01,  -5.68176071e-03,  -1.90345902e-03,
        -9.95168540e-01,  -2.49346899e-03,   3.12494786e-04,
        -1.40692342e-03,   6.13729964e-03,  -9.93387212e-01,
        -1.40263634e-03,  -3.97723434e+00,  -2.50841055e-03,
        -2.98255253e+00,  -1.30497366e-03,  -9.86087809e-01,
        -8.72919034e-04,  -1.98988350e+00,  -5.12000000e+00,
         1.98986786e+00,  -1.99071781e+00,  -3.98348081e+00,
        -1.98945648e+00,  -2.39035941e-03,  -1.97879403e-04,
        -3.95318988e-03,  -5.12000000e+00,   1.99074122e+00,
        -3.35880614e-03,   5.12000000e+00,   3.97849896e+00,
        -2.98824486e+00,  -9.95363066e-01,   1.98781748e+00,
        -2.98108307e+00,   2.98262774e+00,   9.92644160e-01,
         2.01482172e+00,   9.92310352e-01,  -9.93471126e-01,
         2.98747395e+00,   9.97877660e-01,  -3.98049322e+00,
        -9.97773889e-01,  -1.99196329e+00,  -9.98461316e-01,
        -3.98188295e+00,   3.97990335e+00,   1.87281882e-03,
        -4.97372878e+00,   3.97780360e+00,   2.75994094e-03,
        -1.51787644e-03,  -1.98864494e+00,   1.99169188e+00,
         9.99586694e-01,   9.92836912e-01,   1.98944920e+00,
         1.99506906e+00,  -1.98935975e+00,   9.96216051e-01,
        -1.99080988e+00,  -7.98970314e-04,   3.97829450e+00,
         1.98631263e+00,   8.18260658e-04,   9.97860024e-01,
         2.97777501e+00,  -8.05771526e-04,  -9.90936998e-01,
        -9.94757936e-01,   1.99176294e+00,  -9.96875492e-01,
         1.79351851e-03,  -9.96885015e-01,   3.00394187e-03,
         9.93004078e-01]), 'Stopping search: maximum iterations reached --> 600', 469.10817763078001, 600)
INFO:root:Segment number which has global min is 4
INFO:root:Solving the function using standard PSO
INFO:root:PSO result for non-segmented is (array([  9.94961594e-01,   1.98991203e+00,   3.97978707e+00,
        -1.98991695e+00,   5.12000000e+00,   9.94958936e-01,
        -9.94944096e-01,   9.94967812e-01,  -5.12000000e+00,
        -2.98486755e+00,   9.94956331e-01,   9.94962057e-01,
        -9.94953719e-01,   2.98485802e+00,  -9.94962159e-01,
        -1.98991213e+00,   9.94958572e-01,  -9.94964753e-01,
         5.12000000e+00,   2.98484361e+00,  -5.49603502e-06,
         9.94968187e-01,  -1.98990619e+00,  -1.98990186e+00,
        -9.94957475e-01,  -2.11849552e-06,  -9.94953380e-01,
        -2.98484578e+00,   9.94956975e-01,  -9.94967543e-01,
        -5.12000000e+00,   7.06874298e-06,   9.94958113e-01,
        -2.98487272e+00,  -9.94957008e-01,   5.12000000e+00,
        -9.94956140e-01,  -9.94946564e-01,  -2.98484755e+00,
         4.97470026e+00,  -9.94977751e-01,  -4.97469744e+00,
        -9.94953439e-01,  -9.94965519e-01,  -9.94966094e-01,
        -1.92628400e-06,   1.01607071e-05,   9.94964960e-01,
         1.98992560e+00,  -1.98990086e+00,   9.94966837e-01,
         9.94961638e-01,  -9.94964956e-01,   1.98990707e+00,
         4.32438155e-06,   1.98989019e+00,  -1.98607700e-05,
         2.98486207e+00,   4.97468847e+00,  -3.97979157e+00,
        -9.94960336e-01,  -1.98989759e+00,   9.94944749e-01,
        -1.08292297e-06,   1.08089041e-05,   9.94964388e-01,
        -9.94957054e-01,  -7.58664138e-06,   2.98485433e+00,
        -9.94961367e-01,  -9.94956881e-01,   9.94960399e-01,
        -1.05852234e-05,  -5.12000000e+00,   1.98992234e+00,
        -5.12000000e+00,  -1.98991767e+00,   7.26393869e-06,
        -9.94958495e-01,   9.94953441e-01,  -1.98990544e+00,
        -6.97096685e-06,   1.98990766e+00,  -9.94959956e-01,
         9.94953825e-01,   1.98990098e+00,  -1.03307263e-05,
        -9.94961369e-01,  -1.98990438e+00,  -9.94950558e-01,
         2.98486218e+00,   1.98990086e+00,   9.94964471e-01,
         9.94955935e-01,   1.98991427e+00,  -1.51067449e-05,
         9.94967165e-01,  -6.27487551e-06,   9.94954743e-01,
        -4.97469422e+00]), 'Stopping search: Swarm best objective change less than 1e-08', 529.81294771239186, 1151)
INFO:root:Non-segmented PSO global min 529.8129477123919
INFO:root:Solving the function using Segmented PSO
INFO:root:Dimension to be segmented : 45
Total number of iterations in PSO Segmented : 3000
INFO:root:Segmented PSO global min (array([ -4.80183149e-03,  -9.95723202e-01,   1.98503311e+00,
(490.32530236376618, 529.81294771239186, 1, 0, 39.487645348625676)
        -1.99454898e+00,   1.00081420e+00,   9.97679667e-01,
         2.98486515e+00,  -1.00172009e+00,  -1.99507559e+00,
         2.98909251e+00,   9.89940548e-01,  -5.56050297e-03,
        -5.12000000e+00,  -3.98339812e+00,  -9.90029756e-01,
         9.87596536e-01,   1.98742495e+00,   2.97964557e+00,
         1.98517841e+00,  -1.82814203e-03,  -9.87178231e-01,
         1.99442198e+00,   2.97587420e+00,  -2.51017044e-03,
        -1.97585403e+00,   9.90755918e-01,  -9.99299840e-01,
         1.01331404e+00,  -3.09812646e-03,   2.99678367e+00,
        -1.98603873e+00,  -1.13159734e-02,  -9.98610195e-01,
         9.91937392e-01,   1.01346361e+00,  -1.98133406e+00,
        -8.33220773e-04,  -9.95471718e-01,   6.46454121e-03,
        -1.80192973e-03,  -2.98465447e+00,  -5.03439760e+00,
         9.88046449e-01,  -2.98057876e+00,  -1.00631576e+00,
         6.25960540e-03,   9.93275072e-01,  -1.99244506e+00,
        -9.97478807e-01,   2.00729206e+00,  -9.96111258e-04,
         1.00393123e+00,   2.00171765e+00,   9.81424325e-01,
        -3.36191320e-04,   9.98034717e-01,  -3.98643539e+00,
         9.82277856e-01,  -1.00975496e+00,   2.00018435e+00,
         4.97761372e+00,  -1.00229045e+00,  -2.99347593e+00,
         1.99418709e+00,   4.97652005e+00,   3.19222143e-03,
         4.97943127e+00,  -3.97884796e+00,   1.99140468e+00,
         1.99483479e+00,   5.56683915e-03,  -1.98343360e+00,
        -5.12000000e+00,   1.99410805e+00,  -4.97101553e+00,
         2.98392001e+00,   3.97581723e+00,  -1.16767309e-02,
        -1.00197317e+00,   5.12000000e+00,  -8.27208782e-03,
        -2.97857763e+00,  -9.95790908e-01,   1.99794131e+00,
         9.92899542e-01,   2.52320427e-03,   9.87711578e-01,
        -1.99196792e+00,  -2.99096436e+00,  -9.92934291e-01,
         9.93991715e-01,  -9.89776200e-01,  -8.49794788e-04,
        -9.95651862e-01,   3.43853149e-03,   9.92977201e-01,
         1.16279203e-02,   9.94505998e-01,   9.93122033e-01,
         7.77319820e-03]), 'Stopping search: maximum iterations reached --> 600', 490.32530236376618, 600)
INFO:root:Segment number which has global min is 2
INFO:root:Solving the function using standard PSO
INFO:root:PSO result for non-segmented is (array([ -1.98990879e+00,  -9.94961943e-01,   2.98487915e+00,
        -9.94961429e-01,  -5.12000000e+00,   4.97469201e+00,
         1.90426123e-05,  -9.94979138e-01,   3.97978207e+00,
         1.98990353e+00,   4.28032184e-06,  -1.98993115e+00,
         6.69641380e-06,   1.98992156e+00,   9.94941957e-01,
         2.98486267e+00,   3.20682810e-06,   6.17166079e-06,
         1.98990534e+00,  -9.94943929e-01,  -9.94943545e-01,
        -9.94953748e-01,   2.98486997e+00,  -9.94977064e-01,
         2.98486928e+00,   4.97469617e+00,  -1.98990578e+00,
        -1.98990909e+00,   9.59599398e-06,  -3.97978857e+00,
         7.85369736e-06,   3.97978914e+00,  -7.12002406e-06,
        -1.98988929e+00,   9.94962474e-01,   2.98487217e+00,
        -1.98989476e+00,  -2.98486357e+00,   2.98487545e+00,
         2.98486530e+00,   9.94971882e-01,   5.12000000e+00,
        -9.33177859e-07,   9.94950661e-01,  -5.12000000e+00,
        -1.75994544e-06,   1.98990992e+00,   9.94962875e-01,
         1.55497796e-05,  -1.98990794e+00,   2.98484972e+00,
         2.98484490e+00,  -9.94950966e-01,  -9.94960444e-01,
         9.94111546e-06,  -1.23903046e-05,  -5.12000000e+00,
        -2.48370501e-05,   5.12000000e+00,   6.32084046e-06,
         3.97978180e+00,   2.71201324e-05,  -1.98992079e+00,
         9.94946052e-01,  -1.98992644e+00,  -3.79813134e-06,
         9.94974581e-01,  -7.68563232e-06,  -1.98989909e+00,
        -5.12000000e+00,  -9.94951432e-01,   2.98488155e+00,
         5.12000000e+00,   1.24467262e-06,  -5.12000000e+00,
         9.94942966e-01,   7.52066939e-06,  -2.24398924e-05,
        -1.98992503e+00,  -9.94950832e-01,  -5.89604685e-06,
        -9.94952023e-01,   2.98487181e+00,  -1.98989200e+00,
        -9.94918451e-01,  -5.85783566e-06,   6.92889580e-06,
         1.72664823e-05,   5.12000000e+00,  -5.12000000e+00,
         1.98992393e+00,   2.25696168e-05,   2.52780740e-05,
        -1.98990341e+00,  -1.98991164e+00,  -1.98988814e+00,
         1.98990384e+00,   2.98484217e+00,   1.98990777e+00,
         1.13396741e-05]), 'Stopping search: Swarm best objective change less than 1e-08', 627.53180394234653, 1409)
INFO:root:Non-segmented PSO global min 627.5318039423465
INFO:root:Solving the function using Segmented PSO
INFO:root:Dimension to be segmented : 35
INFO:root:Segmented PSO global min (array([  5.12000000e+00,   1.45464804e-03,  -9.48102270e-05,
        -9.94592940e-01,   9.93981039e-01,  -1.99073461e+00,
        -2.98577813e+00,  -1.99574312e+00,   2.98343269e+00,
         4.05136860e-04,   9.94396415e-01,   5.12000000e+00,
        -9.94708600e-01,  -1.98794975e+00,   9.92629982e-01,
         3.61741257e-05,   1.98778409e+00,   9.95900576e-01,
        -1.99025762e+00,   2.98572479e+00,   1.98919160e+00,
         1.98755288e+00,   9.96802847e-01,  -1.99257549e+00,
        -1.99153585e+00,   7.66487046e-04,   9.94142148e-01,
         7.43772070e-04,   1.98994898e+00,   1.99052599e-03,
         9.95473151e-01,   9.95186065e-01,   9.90889822e-01,
        -1.99637468e+00,  -4.97122832e+00,   1.99212450e+00,
        -1.98982724e+00,   4.67983534e-04,  -2.46239158e-03,
         3.98199307e+00,  -1.17621709e-03,  -3.98172861e+00,
        -1.98968243e+00,   1.98859687e+00,  -1.75082303e-05,
        -9.93826732e-01,   9.95588782e-01,  -9.95277307e-01,
        -3.97685993e+00,   3.97961325e+00,  -1.41357440e-03,
         3.97523525e+00,  -5.68176183e-05,  -5.12000000e+00,
        -9.92999674e-01,   9.96799402e-01,  -2.98528297e+00,
         2.98511220e+00,   5.12000000e+00,   2.55394557e-03,
         9.97877179e-01,   9.93379102e-01,  -2.98638364e+00,
        -9.96370914e-01,  -9.96070494e-01,  -3.98287871e+00,
         9.94644696e-01,   9.97265099e-01,   9.94713694e-01,
         1.00076940e+00,   4.97590178e+00,  -9.88486392e-01,
         9.92257231e-01,   1.99130098e+00,   9.93660124e-01,
        -3.97807652e+00,  -5.48186806e-04,  -1.99331141e+00,
         9.92888258e-01,   1.99064106e+00,   1.70173746e-03,
        -5.10653148e-05,  -3.97974998e+00,   1.99013398e+00,
        -1.99130487e+00,  -2.76525614e-03,   9.96858692e-01,
        -2.98630660e+00,  -1.99449072e+00,   1.61214066e-03,
         5.51543528e-04,   9.93871148e-01,   1.99130292e+00,
         3.05562834e-03,  -1.99247188e+00,  -1.99113825e+00,
         9.96091140e-01,  -2.63057530e-03,   1.99085192e+00,
        -3.97650314e+00]), 'Stopping search: maximum iterations reached --> 600', 501.82914129245586, 600)
INFO:root:Segment number which has global min is 3
Total number of iterations in PSO Segmented : 3000
(501.82914129245586, 627.53180394234653, 1, 0, 125.70266264989067)

Process finished with exit code 0
