C:\Users\sbala\Anaconda3\python.exe C:/Users/sbala/PycharmProjects/PSO/Pswarm_Test.py
INFO:root:Solving the function using standard PSO
INFO:root:PSO result for non-segmented is (array([ -8.76628428e-06,  -9.94976359e-01,  -9.94966307e-01,
        -9.94947150e-01,   4.79227732e-06,   9.94969232e-01,
         9.94947266e-01,  -9.94967247e-01,  -9.94963971e-01,
        -4.97466387e+00,  -2.26679294e-05,   1.98991359e+00,
         2.49172161e-05,  -9.94946078e-01,   1.98992447e+00,
        -4.81333983e-05,  -1.98990732e+00,   1.56426553e-05,
        -5.86780885e-06,   9.94992490e-01,   9.94991116e-01,
        -2.98486250e+00,   1.98996815e+00,  -9.94893276e-01,
         1.32898010e-05,  -2.98487847e+00,   4.27885187e-05,
         1.72895257e-05,  -9.94965473e-01,  -9.94955254e-01,
        -1.98992214e+00,  -9.94956829e-01,   1.98989124e+00,
        -9.94941397e-01,  -6.24455493e-06,  -1.98991459e+00,
         9.94956663e-01,  -9.94970220e-01,  -9.94990415e-01,
         9.94972266e-01,  -9.94955545e-01,   2.71055263e-05,
        -9.94958037e-01,   5.54679367e-06,   1.98993429e+00,
         6.69470261e-06,   1.98990869e+00,  -1.00816271e-05,
        -9.94950753e-01,  -9.94959030e-01]), 'Stopping search: , , , , , , , Swarm best objective change less than 1e-08', 101.48546880518055, 805)
INFO:root:Non-segmented PSO global min 101.48546880518055
INFO:root:Solving the function using Segmented PSO
INFO:root:Dimension to be segmented : 40
INFO:root:Segmented PSO global min (array([  1.98971866e+00,   1.85124662e-04,  -2.95285832e-04,
Total number of iterations in PSO Segmented : , , , , , , , 2903
         2.18913398e-04,   9.94457895e-01,   9.94968366e-01,
(149.87960993954593, 101.48546880518055, 0, 1, -48.394141134365384)
         9.95035953e-01,   2.98499893e+00,   5.12000000e+00,
         9.95063473e-01,   9.94654780e-01,  -9.95012810e-01,
         9.94848457e-01,   5.84031276e-04,  -3.06977756e-04,
         1.67828334e-04,  -6.52512226e-05,   1.98990402e+00,
         1.98978032e+00,  -9.95077251e-01,   2.45353892e-04,
        -1.99021788e+00,   4.39738956e-05,  -9.95042676e-01,
        -9.95323255e-01,  -1.98923893e+00,   2.94171943e-04,
         3.98898317e-05,   1.73776204e-05,   5.76637446e-05,
        -1.79694330e-05,  -9.94772675e-01,   9.95286812e-01,
         1.81094665e-04,  -9.94871206e-01,   1.98980245e+00,
         9.95277122e-01,   1.99023393e+00,   1.98982884e+00,
         1.56321910e-04,   3.07200000e+00,  -5.12000000e+00,
         6.65585473e-05,   1.98968215e+00,   2.98498634e+00,
         2.98509253e+00,  -4.50318075e-04,  -1.98999315e+00,
        -9.94823415e-01,  -2.00490459e-04]), 'Stopping search: , , , , , , , maximum iterations reached --> 600', 149.87960993954593, 600)
INFO:root:Segment number which has global min is 4
INFO:root:Solving the function using standard PSO
INFO:root:PSO result for non-segmented is (array([  3.81403254e-06,   3.97980069e+00,   5.12000000e+00,
        -1.00053558e-06,  -5.12000000e+00,  -1.06918044e-05,
        -9.94954185e-01,   9.94961902e-01,   1.98991599e+00,
         1.58026838e-05,   1.98992436e+00,  -9.94939760e-01,
         9.94953766e-01,  -4.97467257e+00,  -9.94963351e-01,
         2.98483670e+00,  -9.94952392e-01,  -1.98991788e+00,
         9.94967392e-01,  -1.98992677e+00,   9.94950085e-01,
        -9.94948954e-01,   5.12000000e+00,  -9.94974134e-01,
         5.12000000e+00,   8.03376281e-06,  -1.45166127e-05,
         9.94964552e-01,   9.94963231e-01,  -9.94953506e-01,
         9.94949667e-01,  -9.94951934e-01,   9.94960590e-01,
        -9.94974043e-01,  -9.94950702e-01,  -9.94959742e-01,
         1.51324116e-05,  -9.94954507e-01,   9.94971482e-01,
         9.94969034e-01,  -9.94954980e-01,  -9.94963177e-01,
         1.98990903e+00,   9.94951486e-01,   9.94964621e-01,
         9.94952998e-01,   9.94964776e-01,   1.98991668e+00,
        -5.90379598e-06,  -9.96114646e-06]), 'Stopping search: , , , , , , , Swarm best objective change less than 1e-08', 217.18426448446348, 515)
INFO:root:Non-segmented PSO global min 217.18426448446348
INFO:root:Solving the function using Segmented PSO
INFO:root:Dimension to be segmented : 49
Total number of iterations in PSO Segmented : , , , , , , , 2886
INFO:root:Segmented PSO global min (array([ -9.94637902e-01,  -9.94991675e-01,   9.82427109e-01,
(189.68363293867614, 217.18426448446348, 1, 0, 27.500631545787343)
         9.95870616e-01,   3.97960088e+00,  -4.57363547e-04,
         2.98422627e+00,  -7.99223619e-05,   8.61572376e-04,
        -4.97538441e+00,   2.98496299e+00,  -9.97645875e-01,
         9.95034867e-01,   6.57608130e-05,  -9.93935848e-01,
        -1.20220943e-04,  -1.99035695e+00,   7.46367365e-04,
         4.43618069e-03,  -3.97967149e+00,   2.45757180e-04,
         9.96590336e-01,  -1.99008763e+00,   4.97482292e+00,
         9.95586681e-01,  -9.94899476e-01,  -1.83508488e-03,
        -2.98493949e+00,   4.22622774e-03,   9.97950023e-01,
         4.23157116e-03,  -9.94994220e-01,  -1.99029201e+00,
        -3.39774128e-03,   4.75056045e-05,  -5.40668584e-03,
        -9.97848903e-01,   9.94790825e-01,  -7.68983545e-03,
         9.55551242e-04,  -9.92118601e-01,  -9.94694087e-01,
        -1.99016757e+00,   9.94804501e-01,   4.85047731e-04,
         5.12000000e+00,  -5.89013303e-03,  -4.70399703e-04,
         2.98474301e+00,  -3.07200000e+00]), 'Stopping search: , , , , , , , maximum iterations reached --> 600', 189.68363293867614, 600)
INFO:root:Segment number which has global min is 0
INFO:root:Solving the function using standard PSO
INFO:root:PSO result for non-segmented is (array([ -2.50137332e-05,   9.95000744e-01,   9.94972777e-01,
         1.98987766e+00,  -1.44139623e-05,  -9.94981781e-01,
         1.98991118e+00,  -9.94943650e-01,  -1.97997779e-06,
        -1.98993668e+00,   4.97466643e+00,  -9.94951565e-01,
        -1.41840378e-05,  -2.98482756e+00,  -9.94989179e-01,
        -9.94921957e-01,   9.95009116e-01,  -1.98995493e+00,
        -3.42420050e-06,   1.49176999e-05,  -2.32583424e-06,
         1.98991239e+00,  -3.97977619e+00,  -1.98989731e+00,
        -1.98993057e+00,   9.94947847e-01,   5.12000000e+00,
        -9.94973045e-01,  -1.94408719e-05,   9.94931120e-01,
         9.94937410e-01,   3.38394410e-05,   1.75884684e-05,
        -1.74728385e-05,  -1.98995053e+00,   4.36021582e-06,
        -2.98484702e+00,  -3.97973815e+00,  -9.94947669e-01,
         9.94929101e-01,   1.98995070e+00,  -6.20221873e-07,
         1.98991474e+00,   2.98486565e+00,  -1.98989996e+00,
        -2.98493183e+00,   2.98489250e+00,  -5.58903523e-05,
         1.98995451e+00,   9.94976605e-01]), 'Stopping search: , , , , , , , Swarm best objective change less than 1e-08', 193.09229791339467, 565)
INFO:root:Non-segmented PSO global min 193.09229791339467
INFO:root:Solving the function using Segmented PSO
INFO:root:Dimension to be segmented : 44
Total number of iterations in PSO Segmented : , , , , , , , 2778
INFO:root:Segmented PSO global min (array([  4.12935389e-05,   2.98488864e+00,  -9.95070469e-01,
(120.38997798020579, 193.09229791339467, 1, 0, 72.702319933188889)
        -1.98976888e+00,  -9.94942123e-01,  -2.98482337e+00,
        -1.99006583e+00,   2.98491804e+00,   1.99000058e+00,
        -9.94953399e-01,  -1.98984559e+00,   9.95002250e-01,
        -1.98998492e+00,   9.94958234e-01,   4.59308626e-05,
         1.17829712e-04,  -9.94716200e-01,  -1.98991431e+00,
         9.94969900e-01,   1.98959220e+00,   1.98969164e+00,
        -2.42070219e-04,   2.00001966e-05,  -1.10481547e-04,
         1.99001235e+00,  -9.94421603e-01,   1.99003387e+00,
        -9.95168619e-01,   9.94992596e-01,   1.78792705e-04,
         9.95136611e-01,   2.91573263e-05,  -1.91927434e-05,
         1.48039282e-04,  -1.67098705e-04,   9.94908118e-01,
         1.99003422e+00,   1.98997911e+00,  -9.95175515e-01,
        -9.95118376e-01,   9.95020353e-01,   1.90210396e-04,
         8.13072097e-05,  -1.15962791e-04,  -3.97958613e+00,
        -9.94757996e-01,  -1.98989921e+00,  -9.95005654e-01,
         6.66422949e-05,   2.98473798e+00]), 'Stopping search: , , , , , , , maximum iterations reached --> 600', 120.38997798020579, 600)
INFO:root:Segment number which has global min is 0
INFO:root:Solving the function using standard PSO
INFO:root:PSO result for non-segmented is (array([  1.98990026e+00,   9.94966888e-01,  -1.28081880e-05,
         1.98989829e+00,  -4.97469591e+00,   9.94974332e-01,
        -4.62214206e-06,   3.97978471e+00,   9.89349871e-06,
         9.94940056e-01,   2.96252045e-06,  -2.92348791e-05,
        -9.94954251e-01,  -4.97468287e+00,  -1.64200367e-05,
         9.94963514e-01,  -9.94952766e-01,   9.94965848e-01,
         1.98990141e+00,  -2.80786450e-06,  -1.98992356e+00,
         1.98991157e+00,  -8.75183262e-06,   1.46161869e-05,
         1.22438287e-05,  -1.78047872e-05,  -1.98991834e+00,
         9.94970369e-01,  -1.98988508e+00,  -3.97978800e+00,
        -1.98991749e+00,  -9.94950366e-01,   1.98991569e+00,
         1.98992292e+00,  -9.94941002e-01,  -9.94991814e-01,
         1.94350845e-05,  -6.44167508e-06,   9.44519507e-06,
        -9.94981887e-01,  -3.97980086e+00,  -1.01619603e-05,
         9.94972259e-01,   9.94960027e-01,  -1.57500992e-05,
        -9.94966685e-01,   9.94952077e-01,  -1.07890974e-05,
        -9.94965856e-01,  -1.62730326e-05]), 'Stopping search: , , , , , , , Swarm best objective change less than 1e-08', 154.21779483296768, 519)
INFO:root:Non-segmented PSO global min 154.21779483296768
INFO:root:Solving the function using Segmented PSO
INFO:root:Dimension to be segmented : 49
INFO:root:Segmented PSO global min (array([  9.94980699e-01,   9.94948398e-01,   9.94982125e-01,
Total number of iterations in PSO Segmented : , , , , , , , 2989
        -3.51136615e-05,   4.32135469e-05,  -2.98484102e+00,
(141.35460806593119, 154.21779483296768, 1, 0, 12.863186767036495)
         9.94978947e-01,  -9.94973849e-01,  -3.80761971e-05,
        -9.94941465e-01,   6.18443440e-06,  -1.98992686e+00,
        -1.98995642e+00,   2.46687941e-05,  -2.98483574e+00,
         2.98491076e+00,   1.19991704e-05,  -9.94998501e-01,
         1.08096899e-05,  -9.94999555e-01,  -9.94959392e-01,
         9.94925661e-01,   4.14600137e-05,   2.98488738e+00,
         4.97461196e+00,  -3.76478584e-06,  -8.43936647e-06,
        -9.94928862e-01,  -9.95006367e-01,   9.94963602e-01,
         1.24520448e-05,  -9.94949287e-01,  -9.94992071e-01,
         9.94942076e-01,   1.39876371e-05,  -9.94905589e-01,
        -4.95788446e-05,  -1.98994462e+00,   7.04818971e-06,
        -1.28790851e-05,  -3.97971713e+00,  -5.12000000e+00,
        -9.94985695e-01,   1.98989944e+00,   3.22843789e-05,
        -3.86697262e-05,   9.95073587e-01,   1.47219966e-04,
         3.77729375e-05,  -9.94914195e-01]), 'Stopping search: , , , , , , , maximum iterations reached --> 600', 141.35460806593119, 600)
INFO:root:Segment number which has global min is 2
INFO:root:Solving the function using standard PSO
INFO:root:PSO result for non-segmented is (array([  9.94961876e-01,   3.88691022e-06,  -9.94961223e-01,
         1.98991037e+00,   9.94958102e-01,  -1.98991261e+00,
        -5.12000000e+00,   1.98991625e+00,  -1.46104213e-06,
         9.94960659e-01,   5.12000000e+00,  -1.98991993e+00,
        -4.48787334e-06,   9.94962743e-01,   9.94964505e-01,
         9.94957605e-01,  -9.94952646e-01,  -9.94966128e-01,
        -6.14489764e-06,  -1.98991257e+00,  -9.94961414e-01,
         9.94954227e-01,   1.98991291e+00,   1.98991519e+00,
         9.94964901e-01,  -9.94952415e-01,  -9.94969412e-01,
        -3.98247279e-07,   1.98992054e+00,  -9.94960596e-01,
        -9.94957361e-01,   4.61027121e-06,  -3.58543720e-07,
         1.98991925e+00,   1.00210247e-06,  -2.98484643e+00,
        -1.98992138e+00,   9.94949620e-01,  -4.13492703e-07,
         2.44121768e-06,  -1.98990952e+00,   9.94971471e-01,
         1.98990728e+00,   5.12000000e+00,  -1.98991766e+00,
         1.72528720e-06,   1.98991206e+00,   9.94949165e-01,
        -9.94946630e-01,  -1.98990968e+00]), 'Stopping search: , , , , , , , Swarm best objective change less than 1e-08', 175.32539170108313, 639)
INFO:root:Non-segmented PSO global min 175.32539170108313
INFO:root:Solving the function using Segmented PSO
INFO:root:Dimension to be segmented : 29
Total number of iterations in PSO Segmented : , , , , , , , 2933
INFO:root:Segmented PSO global min (array([  9.94977004e-01,  -9.94966255e-01,  -9.94969759e-01,
(209.15357348219547, 175.32539170108313, 0, 1, -33.828181781112335)
         1.98993219e+00,  -7.32917897e-06,   9.94980961e-01,
        -9.94927504e-01,  -2.10542004e-05,   1.98994852e+00,
         9.94968775e-01,  -2.98486593e+00,  -5.12000000e+00,
        -2.86544370e-05,  -1.62914564e-05,   1.98988707e+00,
        -8.03092480e-06,   2.62849637e-05,  -9.94986063e-01,
         9.94967932e-01,  -1.69968659e-05,   3.97980251e+00,
        -1.04717307e-05,   9.94950887e-01,  -1.98993048e+00,
         3.91377992e-05,   9.94975516e-01,  -1.98988788e+00,
        -9.94975421e-01,   9.94915038e-01,   3.97978442e+00,
         1.21802154e-06,   9.94965843e-01,  -3.19152813e-05,
        -9.94956920e-01,   3.10687525e-05,   1.98987725e+00,
         5.12000000e+00,   4.97468300e+00,  -2.18988781e-05,
        -1.98995614e+00,   1.98993552e+00,  -3.63170370e-05,
        -5.12000000e+00,   6.55074852e-06,   9.94950862e-01,
         9.94940936e-01,  -9.94954109e-01,  -1.98989884e+00,
        -1.98987395e+00,   2.03784524e-05]), 'Stopping search: , , , , , , , maximum iterations reached --> 600', 209.15357348219547, 600)
INFO:root:Segment number which has global min is 4
INFO:root:Solving the function using standard PSO
INFO:root:PSO result for non-segmented is (array([  1.34928547e-05,   9.94950928e-01,  -9.94957970e-01,
         1.98991768e+00,   1.43624133e-05,  -9.94948921e-01,
         9.94953540e-01,  -4.05336898e-06,  -2.98485014e+00,
        -6.39657446e-06,   1.15642211e-05,   5.12000000e+00,
         3.97976792e+00,  -3.06833147e-05,  -3.97978636e+00,
         9.94954917e-01,  -9.94941690e-01,  -1.78507091e-05,
        -9.94964749e-01,   9.94953240e-01,   9.94953143e-01,
         9.94968164e-01,  -9.28049376e-06,  -9.94980518e-01,
         1.98992020e+00,  -9.94966320e-01,   9.94965306e-01,
         7.09674891e-07,  -1.25041970e-05,  -9.94969814e-01,
         9.94963803e-01,  -9.94944402e-01,   3.97978118e+00,
         9.94940837e-01,   5.12000000e+00,  -9.57934552e-06,
         3.97978038e+00,  -7.03176153e-06,  -9.94960033e-01,
        -8.36857073e-06,   5.12000000e+00,  -9.94959453e-01,
        -9.94954488e-01,  -1.07485504e-05,   3.97979091e+00,
        -1.98988986e+00,  -9.94956338e-01,   1.23281822e-05,
         9.94941711e-01,   9.94940525e-01]), 'Stopping search: , , , , , , , Swarm best objective change less than 1e-08', 210.14851447055568, 591)
INFO:root:Non-segmented PSO global min 210.14851447055568
INFO:root:Solving the function using Segmented PSO
INFO:root:Dimension to be segmented : 1
INFO:root:Segmented PSO global min (array([  1.98987072e+00,   3.07200000e+00,   2.47327901e-04,
        -5.12181894e-05,  -5.24253335e-04,  -3.97896720e+00,
         9.94895761e-01,  -4.97459717e+00,   1.98970114e+00,
         1.98999154e+00,   9.94992720e-01,  -5.92496151e-05,
         9.95166451e-01,  -1.80060767e-04,  -6.90089848e-05,
         4.23039406e-05,   1.98990166e+00,  -9.95010170e-01,
         9.94967948e-01,   9.95092136e-01,   1.99031658e+00,
         9.94981344e-01,  -1.98997641e+00,   1.72256160e-04,
        -5.75010042e-05,  -2.98483817e+00,   6.44491527e-05,
        -1.94088244e-04,  -9.95384854e-01,   9.94677882e-01,
        -1.80586931e-04,   3.75913962e-04,   1.98952903e+00,
        -3.52756484e-04,   1.98986208e+00,  -9.95304020e-01,
         4.25355448e-04,  -1.98947306e+00,   1.98972630e+00,
         8.00714844e-05,   9.95214695e-01,   1.04422427e-04,
        -2.98517488e+00,  -2.44761189e-04,  -9.95159303e-01,
        -1.98985795e+00,  -9.94940439e-01,   2.98497685e+00,
        -3.56484215e-04,   1.75019844e-04]), 'Stopping search: , , , , , , , maximum iterations reached --> 600', 134.81312988645328, 600)
INFO:root:Segment number which has global min is 4
INFO:root:Solving the function using standard PSO
Total number of iterations in PSO Segmented : , , , , , , , 2935
(134.81312988645328, 210.14851447055568, 1, 0, 75.3353845841024)
INFO:root:PSO result for non-segmented is (array([ -1.98990996e+00,   9.94942520e-01,  -9.94953452e-01,
         9.94951900e-01,  -5.06377787e-06,   9.94958210e-01,
        -1.98990206e+00,   9.23810737e-06,   9.94938146e-01,
        -9.94946533e-01,  -9.94982594e-01,   1.20926129e-05,
        -1.98992397e+00,   9.94959153e-01,  -9.94945168e-01,
        -6.98662414e-07,   6.01543381e-06,  -1.98991751e+00,
        -1.34718035e-05,   1.98991829e+00,   9.94942258e-01,
         1.98990321e+00,   9.94965203e-01,  -6.71111298e-06,
         2.67087360e-06,   9.94960293e-01,   2.98484963e+00,
        -5.84073011e-08,   5.12000000e+00,   5.12000000e+00,
         3.97978850e+00,  -9.94959039e-01,  -1.98991237e+00,
         3.97978500e+00,  -1.48269642e-05,  -9.94960604e-01,
        -9.33739969e-06,   2.98483429e+00,  -9.94961809e-01,
         9.94943425e-01,   7.06321446e-06,   2.98486636e+00,
        -1.98992256e+00,   2.39474229e-05,  -9.94947708e-01,
         2.98484674e+00,  -9.94956641e-01,   1.98989012e+00,
        -8.77024489e-06,   1.98990798e+00]), 'Stopping search: , , , , , , , Swarm best objective change less than 1e-08', 183.21389604348587, 607)
INFO:root:Non-segmented PSO global min 183.21389604348587
INFO:root:Solving the function using Segmented PSO
INFO:root:Dimension to be segmented : 24
INFO:root:Segmented PSO global min (array([ -9.94355244e-01,  -4.44866627e-04,   6.36063005e-04,
Total number of iterations in PSO Segmented : , , , , , , , 2964
        -9.94824790e-01,  -9.95376859e-01,  -3.86277288e-04,
         8.75648107e-04,   5.12000000e+00,  -9.94596459e-01,
(184.77880704327848, 183.21389604348587, 0, 1, -1.5649109997926018)
         9.95142235e-01,  -9.94567974e-01,  -6.16098740e-05,
         2.53235230e-03,  -9.94431689e-01,   2.98483138e+00,
        -3.14334726e-04,  -4.97491391e+00,  -9.94791355e-01,
        -9.96826132e-04,   5.12000000e+00,  -1.99119572e+00,
        -1.98970436e+00,   9.94554136e-01,  -1.53733309e-03,
        -3.07200000e+00,  -5.12000000e+00,  -9.95561577e-01,
        -1.98984373e+00,   9.95902731e-01,  -9.94532623e-01,
         9.95032591e-01,  -9.95811148e-01,   9.95320318e-01,
        -4.75314045e-04,  -9.96094299e-01,  -9.94917668e-01,
        -9.95376294e-01,   7.70641845e-04,  -9.94970748e-01,
         1.98980166e+00,  -1.76539770e-03,   9.53845210e-04,
         1.98992244e+00,   1.99019963e+00,   1.99131037e+00,
         9.94653410e-01,  -1.99070318e+00,  -9.95229474e-01,
         9.94887036e-01,   1.26539900e-03]), 'Stopping search: , , , , , , , maximum iterations reached --> 600', 184.77880704327848, 600)
INFO:root:Segment number which has global min is 0
INFO:root:Solving the function using standard PSO
INFO:root:PSO result for non-segmented is (array([ -1.98993269e+00,   2.98485762e+00,  -1.66315405e-05,
        -9.94960302e-01,  -2.98485802e+00,  -1.98990263e+00,
        -2.04050474e-05,   1.98993043e+00,  -5.12000000e+00,
         9.94956473e-01,  -2.98484932e+00,  -9.94938087e-01,
        -9.94949920e-01,   9.94944182e-01,  -3.97979799e+00,
         3.25787225e-05,  -2.46151121e-06,   9.94967334e-01,
         9.94957536e-01,   9.94949438e-01,   1.98991736e+00,
        -1.98988497e+00,   1.90814403e-05,  -9.94956872e-01,
         9.94969983e-01,   9.94976624e-01,   9.94940586e-01,
         5.12000000e+00,   1.98990999e+00,   1.23698723e-05,
        -2.64021213e-05,  -5.12000000e+00,   1.98990753e+00,
         3.97976843e+00,   1.98994062e+00,  -1.98992949e+00,
        -1.76341856e-05,  -9.94977665e-01,  -3.80371800e-05,
        -1.27807901e-05,  -5.12000000e+00,   2.78118591e-05,
         9.94941158e-01,   4.97469273e+00,  -3.97978913e+00,
        -9.94955232e-01,  -9.94971530e-01,   9.94992340e-01,
         9.94980631e-01,  -9.94978624e-01]), 'Stopping search: , , , , , , , Swarm best objective change less than 1e-08', 269.91681840554401, 543)
INFO:root:Non-segmented PSO global min 269.916818405544
INFO:root:Solving the function using Segmented PSO
INFO:root:Dimension to be segmented : 5
Total number of iterations in PSO Segmented : , , , , , , , 2971
(98.000703221980245, 269.91681840554401, 1, 0, 171.91611518356376)
INFO:root:Segmented PSO global min (array([ -7.37172566e-05,   1.98974841e+00,  -1.99032439e+00,
        -9.94720033e-01,  -9.94148530e-01,  -3.07200000e+00,
        -4.73527868e-04,   1.13153742e-03,   1.69224865e-04,
        -9.95720093e-01,  -1.98930723e+00,  -1.98972720e+00,
         2.98533415e+00,   2.45395240e-04,   9.95024587e-01,
         4.97930322e-04,   4.32718254e-04,  -3.98028487e+00,
        -9.94901862e-01,   9.95664693e-01,   1.96465344e-04,
         9.94512738e-01,   9.94781730e-01,  -9.94723248e-01,
        -9.95035513e-01,  -9.95383093e-01,   3.21178032e-04,
         9.95366767e-01,  -9.95206835e-01,   1.99000352e+00,
         9.94910530e-01,  -4.08217298e-06,   9.94896778e-01,
         3.41779682e-04,  -2.32423798e-04,  -9.94839105e-01,
        -2.85472713e-04,  -3.18865143e-04,  -2.01815653e-04,
        -9.95185301e-01,  -9.95018953e-01,  -9.95160096e-01,
        -9.95091961e-01,   9.95582315e-01,  -2.52927252e-04,
        -5.42875483e-04,  -3.97988019e+00,  -9.95411895e-01,
        -1.98990811e+00,  -9.94980725e-01]), 'Stopping search: , , , , , , , maximum iterations reached --> 600', 98.000703221980245, 600)
INFO:root:Segment number which has global min is 0
INFO:root:Solving the function using standard PSO
INFO:root:PSO result for non-segmented is (array([ -2.16606538e-06,  -9.94941199e-01,   4.97467004e+00,
         9.94943161e-01,  -3.97979482e+00,   9.94964418e-01,
        -1.16909565e-05,  -9.94940886e-01,  -9.94925291e-01,
         9.94940612e-01,  -9.94976279e-01,  -2.31593572e-05,
        -1.98989157e+00,  -1.98989631e+00,  -7.24926452e-06,
        -9.94971749e-01,   1.32347844e-05,   4.97468896e+00,
         9.81267490e-06,   1.98991851e+00,   1.98987857e+00,
         1.84675057e-05,   4.97469460e+00,   2.88415406e-05,
         5.05263970e-06,   9.94971459e-01,   9.94944416e-01,
         2.38547030e-05,   9.94964324e-01,   2.08699410e-05,
        -1.98990045e+00,  -2.76480140e-05,  -1.98995100e+00,
         9.94942894e-01,   8.73115552e-05,   1.98990202e+00,
         1.98991692e+00,   1.90292010e-06,  -1.98992865e+00,
         1.98999059e+00,  -1.98984630e+00,  -9.94963252e-01,
        -9.94946302e-01,   1.98992472e+00,  -6.03428533e-07,
         3.97979085e+00,   9.94948138e-01,   6.14106573e-06,
        -1.40752798e-05,  -9.94967983e-01]), 'Stopping search: , , , , , , , Swarm best objective change less than 1e-08', 170.13698169884807, 736)
INFO:root:Non-segmented PSO global min 170.13698169884807
INFO:root:Solving the function using Segmented PSO
INFO:root:Dimension to be segmented : 43
INFO:root:Segmented PSO global min (array([  2.98480580e+00,   9.94962216e-01,  -2.98476539e+00,
        -9.94927739e-01,   1.98994068e+00,  -5.96140498e-06,
         1.98993208e+00,   6.20010668e-05,  -1.12401920e-04,
         9.94973989e-01,  -9.94987996e-01,  -6.09572127e-05,
         9.94999459e-01,  -9.94956609e-01,  -9.94930477e-01,
        -9.04758197e-05,  -1.98996925e+00,   1.98992959e+00,
         1.98983198e+00,   9.84174601e-05,   9.95037167e-01,
        -9.94935924e-01,   9.94986041e-01,   1.98990807e+00,
        -1.98996164e+00,   1.54688734e-05,   1.98985809e+00,
        -9.94901165e-01,   2.27317351e-05,  -9.52075341e-05,
        -5.70703786e-05,   9.94953895e-01,  -5.12000000e+00,
         7.66110430e-06,   2.98488244e+00,  -9.94981016e-01,
         9.94920039e-01,  -9.94945506e-01,  -9.94958466e-01,
         1.98990703e+00,   1.36924800e-05,   9.94996117e-01,
        -1.99003332e+00,   1.02400000e+00,  -6.42325552e-05,
        -9.95050237e-01,   1.98987805e+00,  -1.98981608e+00,
        -9.95156927e-01,  -9.96296432e-05]), 'Stopping search: , , , , , , , Swarm best objective change less than 1e-08', 123.6128090616001, 500)
INFO:root:Segment number which has global min is 3
INFO:root:Solving the function using standard PSO
Total number of iterations in PSO Segmented : , , , , , , , 2747
(123.6128090616001, 170.13698169884807, 1, 0, 46.524172637247972)
INFO:root:PSO result for non-segmented is (array([  9.94948171e-01,   9.51377481e-06,  -1.30080549e-05,
        -9.94958756e-01,   1.98989390e+00,   9.94965277e-01,
         1.88747386e-06,   1.98992096e+00,   7.72534792e-06,
        -4.06249723e-06,   8.97440189e-06,  -9.94952634e-01,
         1.98990384e+00,  -4.02682360e-06,   9.94957311e-01,
         3.14938743e-06,   5.12000000e+00,  -1.27325992e-05,
         2.98485362e+00,  -9.94941107e-01,   9.94968374e-01,
        -1.08275294e-05,   2.98484189e+00,  -1.98992129e+00,
        -6.99395631e-06,  -1.12150028e-05,  -1.98990809e+00,
        -2.98485619e+00,   3.21110478e-06,   1.98990779e+00,
         9.94962444e-01,   1.74688909e-05,  -9.94940379e-01,
         9.94957529e-01,  -1.98989908e+00,  -2.98486386e+00,
        -2.98485092e+00,  -9.94957271e-01,  -3.12267920e-06,
        -1.98992616e+00,   2.98486533e+00,   1.98991895e+00,
         1.98989551e+00,  -1.27545194e-05,  -9.94954610e-01,
         3.97978618e+00,  -9.94946450e-01,  -1.98992090e+00,
        -1.44002125e-05,  -3.97978128e+00]), 'Stopping search: , , , , , , , Swarm best objective change less than 1e-08', 171.20342048237649, 572)
INFO:root:Non-segmented PSO global min 171.2034204823765
INFO:root:Solving the function using Segmented PSO
INFO:root:Dimension to be segmented : 7
FINFO:root:Segmented PSO global min (array([ -8.91289165e-06,   9.94902294e-01,  -1.08158112e-05,
Total number of iterations in PSO Segmented : , , , , , , , 2964
        -4.28104199e-05,  -2.40479978e-05,  -1.98992389e+00,
(131.89887684572494, 171.20342048237649, 1, 0, 39.304543636651545)
         1.98990721e+00,  -3.07200000e+00,   2.98488836e+00,
         1.98990273e+00,   1.98989635e+00,  -2.98489452e+00,
        -9.94975524e-01,  -3.58339108e-05,  -1.98995507e+00,
        -9.94936928e-01,   1.98991308e+00,  -3.41215285e-05,
        -9.94985988e-01,  -9.94993677e-01,  -3.71863014e-05,
        -5.12000000e+00,  -2.64198776e-05,  -3.75018850e-07,
         9.94964397e-01,  -8.13973890e-05,  -9.94970059e-01,
        -1.98997106e+00,   1.15781957e-05,   9.94970908e-01,
        -1.98990944e+00,   1.72331596e-05,  -6.68718987e-06,
         9.94948351e-01,  -9.94970504e-01,   2.98481968e+00,
        -9.94915150e-01,  -9.95012384e-01,   2.98485091e+00,
        -2.35490093e-05,   1.98991761e+00,   9.94992559e-01,
         1.98987397e+00,   9.94951283e-01,  -1.27976360e-05,
        -9.94943815e-01,  -9.94982667e-01,  -9.94963063e-01,
         3.35288593e-05,  -1.17894058e-04]), 'Stopping search: , , , , , , , maximum iterations reached --> 600', 131.89887684572494, 600)
INFO:root:Segment number which has global min is 0
INFO:root:Solving the function using standard PSO
INFO:root:PSO result for non-segmented is (array([  1.98990876e+00,   5.21332428e-06,  -4.97468259e+00,
         9.94950713e-01,   9.94967018e-01,   9.94949120e-01,
        -5.12000000e+00,  -1.13567471e-05,   9.94978052e-01,
         2.98482942e+00,  -1.98993141e+00,  -2.98485766e+00,
         9.94964170e-01,  -9.94989770e-01,  -1.98991912e+00,
         2.98483847e+00,   1.98993504e+00,   9.94948924e-01,
         2.32674821e-05,  -2.79826000e-05,  -1.98992947e+00,
        -8.02250322e-06,  -9.94956232e-01,   1.98992780e+00,
        -9.94956067e-01,   4.02458703e-05,   9.94959437e-01,
         1.95646749e-05,  -3.81556985e-05,  -1.34939592e-05,
        -9.94973025e-01,  -2.98486255e+00,  -7.00543779e-06,
         1.71379544e-05,   7.99721559e-06,  -4.97469927e+00,
        -9.94955106e-01,   9.94963157e-01,  -1.86391348e-05,
        -6.14704461e-06,   9.94955705e-01,   9.94934175e-01,
        -7.03990664e-07,  -9.94976786e-01,  -7.85875921e-06,
         1.98989897e+00,   1.98991265e+00,   1.98991165e+00,
         2.28277770e-05,   9.94957516e-01]), 'Stopping search: , , , , , , , Swarm best objective change less than 1e-08', 167.22335168183255, 580)
INFO:root:Non-segmented PSO global min 167.22335168183255
INFO:root:Solving the function using Segmented PSO
INFO:root:Dimension to be segmented : 20
Total number of iterations in PSO Segmented : , , , , , , , 2956
INFO:root:Segmented PSO global min (array([  9.94910789e-01,   2.98485814e+00,  -1.98990688e+00,
         9.94935101e-01,  -2.36427747e-05,   9.94949527e-01,
(175.49245834451898, 167.22335168183255, 0, 1, -8.2691066626864256)
         5.12000000e+00,  -5.12000000e+00,  -8.34925062e-06,
        -9.94978731e-01,   1.15356183e-05,  -9.94960581e-01,
        -1.98988256e+00,   9.94972135e-01,   1.38036080e-06,
        -2.04371888e-05,  -9.94956559e-01,  -9.94986034e-01,
        -3.37551875e-05,   2.62909301e-05,  -1.02400000e+00,
         1.98990829e+00,   9.94976080e-01,   9.94965142e-01,
        -2.98486556e+00,  -9.94964942e-01,  -9.94988362e-01,
        -9.94971343e-01,  -9.94953845e-01,  -1.98993215e+00,
        -9.94947703e-01,   5.12000000e+00,   1.58096142e-05,
         1.28288908e-05,   1.98989834e+00,   2.98484279e+00,
         9.94967519e-01,   9.94947495e-01,   1.56994138e-05,
        -1.50621261e-05,  -1.98991226e+00,   9.94936603e-01,
         1.98990166e+00,   1.98990446e+00,   1.98989819e+00,
        -9.94925200e-01,  -9.94975355e-01,  -1.98991940e+00,
        -9.94956757e-01,   3.26918425e-06]), 'Stopping search: , , , , , , , maximum iterations reached --> 600', 175.49245834451898, 600)
INFO:root:Segment number which has global min is 1
INFO:root:Solving the function using standard PSO
INFO:root:PSO result for non-segmented is (array([  9.94950848e-01,  -9.94952338e-01,   9.94946887e-01,
         3.71890848e-06,  -2.98484779e+00,   9.94953652e-01,
         1.98990300e+00,   5.00344751e-06,   9.94955191e-01,
        -9.94959318e-01,  -1.05998892e-05,   9.94961720e-01,
         1.98991064e+00,   9.94954234e-01,  -3.22241031e-06,
         9.94927613e-01,  -1.21990622e-05,  -4.98563350e-06,
        -2.52500394e-07,   3.97977847e+00,   1.98990552e+00,
         1.16399695e-05,   1.98991167e+00,  -3.97979147e+00,
        -9.94960042e-01,   1.98991963e+00,   9.94959184e-01,
         1.98991898e+00,  -8.66882459e-06,   1.98990805e+00,
         1.14296832e-05,   1.98991972e+00,  -1.98991110e+00,
         2.61023152e-05,  -9.94949391e-01,  -5.12000000e+00,
        -8.75800312e-06,   4.59273059e-06,   9.94964419e-01,
         9.94962113e-01,   3.97978783e+00,  -2.98485673e+00,
         9.94961627e-01,  -4.97469175e+00,   5.12000000e+00,
        -1.98990424e+00,  -9.94948112e-01,   9.94970423e-01,
         1.98990428e+00,  -7.06324962e-07]), 'Stopping search: , , , , , , , Swarm best objective change less than 1e-08', 209.08253205003197, 582)
INFO:root:Non-segmented PSO global min 209.08253205003197
INFO:root:Solving the function using Segmented PSO
INFO:root:Dimension to be segmented : 38
Total number of iterations in PSO Segmented : , , , , , , , 2984
INFO:root:Segmented PSO global min (array([  2.36744695e-04,   9.94997071e-01,   2.45472239e-04,
(136.6220851968184, 209.08253205003197, 1, 0, 72.460446853213568)
        -9.94744278e-01,  -9.94965715e-01,  -9.94971539e-01,
         4.86898328e-04,  -7.85197162e-04,   7.53127568e-04,
         9.95532228e-01,  -9.94713390e-01,   9.95218273e-01,
         9.95578033e-01,   4.03915441e-04,   9.95152229e-01,
         5.12000000e+00,   2.53858214e-04,   2.98491807e+00,
         2.98357264e+00,   8.76328911e-04,  -9.97340040e-01,
        -9.94699906e-01,  -9.95250172e-01,  -9.94394527e-01,
        -9.94590158e-01,   1.99022864e+00,  -9.94509190e-01,
         1.69797869e-04,   9.95099476e-01,  -8.28448654e-04,
         1.72103804e-04,  -4.97497405e+00,  -6.44139994e-04,
         7.36243869e-04,   3.61404367e-04,   5.12000000e+00,
        -9.96269432e-01,  -9.95569743e-01,   1.02400000e+00,
        -9.95476699e-01,  -9.95228949e-01,   2.47641214e-04,
         9.95039907e-01,  -1.99150946e+00,  -6.82860748e-04,
         9.95244418e-01,  -3.75670801e-04,  -5.06171361e-04,
        -9.95859878e-01,   1.99051734e+00]), 'Stopping search: , , , , , , , maximum iterations reached --> 600', 136.6220851968184, 600)
INFO:root:Segment number which has global min is 3
INFO:root:Solving the function using standard PSO
INFO:root:PSO result for non-segmented is (array([ -1.98990599e+00,   9.94939591e-01,   9.94921528e-01,
         1.98988421e+00,  -1.98988643e+00,   2.21833891e-05,
        -2.12273889e-05,  -9.94956603e-01,   2.20798158e-05,
         4.97470040e+00,   3.28625355e-05,   5.12000000e+00,
         5.71747724e-06,  -5.12000000e+00,  -1.98988618e+00,
        -1.31837467e-07,   9.53605865e-06,  -9.94962574e-01,
        -1.98991855e+00,   9.94932408e-01,   9.94916205e-01,
         3.07172615e-05,  -9.94944416e-01,   1.98991173e+00,
        -9.94949458e-01,   9.94970176e-01,  -9.94957234e-01,
        -9.94997577e-01,  -5.98185838e-06,   9.94937440e-01,
        -3.76573855e-06,   8.08394867e-06,  -9.94956876e-01,
        -9.94973760e-01,  -3.16614395e-05,  -9.95010447e-01,
        -1.98989314e+00,  -9.94933032e-01,   2.60110808e-05,
        -9.94947653e-01,   7.23885089e-06,   4.22682501e-06,
        -1.98991959e+00,   9.94969688e-01,   3.97976226e+00,
         4.97469286e+00,   3.97977881e+00,   9.94924976e-01,
         1.98988644e+00,  -5.12000000e+00]), 'Stopping search: , , , , , , , Swarm best objective change less than 1e-08', 223.08278157263715, 602)
INFO:root:Non-segmented PSO global min 223.08278157263715
INFO:root:Solving the function using Segmented PSO
INFO:root:Dimension to be segmented : 28
INFO:root:Segmented PSO global min (array([ -1.98993447e+00,   2.45332614e-04,   9.95107433e-01,
Total number of iterations in PSO Segmented : , , , , , , , 2798
        -9.94870468e-01,  -2.41915249e-04,   7.54749207e-05,
(114.49107198115706, 223.08278157263715, 1, 0, 108.59170959148008)
        -9.94808259e-01,  -1.76223474e-04,  -9.94867413e-01,
         9.94842106e-01,   1.43792555e-04,  -2.24738364e-04,
         1.99011845e+00,  -1.76264081e-05,   9.94818892e-01,
        -9.94910885e-01,   5.12000000e+00,   9.94961004e-01,
        -1.84362590e-04,   9.94817810e-01,  -1.98983752e+00,
        -1.41706894e-04,  -1.50330199e-05,  -6.86014963e-05,
         9.94939267e-01,  -1.72021684e-04,  -1.98991729e+00,
        -9.94979610e-01,  -1.45627458e-05,  -1.99000658e+00,
        -1.98958354e+00,   1.99918917e-04,  -9.95162929e-01,
         9.94774346e-01,  -1.99014140e+00,   9.95098814e-01,
        -1.98997190e+00,  -9.94775354e-01,  -1.25300237e-04,
         9.95015882e-01,  -4.97462172e+00,  -1.20125114e-04,
        -2.98504633e+00,   2.07403861e-04,  -9.94926786e-01,
        -4.42951539e-05,  -9.95001667e-01,  -9.95027247e-01,
        -9.94853904e-01,   2.54531276e-04]), 'Stopping search: , , , , , , , maximum iterations reached --> 600', 114.49107198115706, 600)
INFO:root:Segment number which has global min is 2
INFO:root:Solving the function using standard PSO
INFO:root:PSO result for non-segmented is (array([ -9.38267245e-06,  -9.94953343e-01,   7.62583360e-06,
         9.94952058e-01,   7.00822553e-06,   9.94961978e-01,
        -2.98486311e+00,  -9.94955755e-01,   1.00357117e-06,
         9.94951517e-01,  -9.94970804e-01,  -9.94956619e-01,
        -2.98484559e+00,  -2.98484944e+00,  -9.94967389e-01,
         9.94953840e-01,   1.98992415e+00,  -9.94957546e-01,
        -1.98990648e+00,   9.94962006e-01,  -3.31092741e-06,
        -1.98991731e+00,   9.94959131e-01,  -3.97978414e+00,
        -3.83944854e-06,  -9.94958601e-01,   7.58924093e-06,
        -9.16880282e-06,  -9.94957114e-01,  -9.94957859e-01,
        -8.69807034e-06,  -9.94955410e-01,   6.10519387e-06,
        -3.97979045e+00,   9.94960781e-01,  -9.94961884e-01,
        -1.98992093e+00,  -9.94961877e-01,   1.10229714e-05,
         2.98485747e+00,   6.74379274e-06,   1.98991749e+00,
         5.46826261e-06,   1.60133350e-06,  -7.45733953e-06,
         1.46576520e-06,   1.98990614e+00,  -9.94952546e-01,
         5.12000000e+00,   2.86418550e-06]), 'Stopping search: , , , , , , , Swarm best objective change less than 1e-08', 140.35977492013049, 697)
INFO:root:Non-segmented PSO global min 140.3597749201305
INFO:root:Solving the function using Segmented PSO
INFO:root:Dimension to be segmented : 3
INFO:root:Segmented PSO global min (array([  9.95047850e-01,   1.99001517e+00,  -1.98998445e+00,
Total number of iterations in PSO Segmented : , , , , , , , 2912
        -3.07200000e+00,   1.08825942e-04,   1.98994180e+00,
(110.00999000132735, 140.35977492013049, 1, 0, 30.349784918803138)
         9.95013143e-01,   9.94936968e-01,  -9.94902401e-01,
        -9.94771013e-01,  -9.94887321e-01,   2.64803811e-04,
         9.95010076e-01,   1.98981732e+00,   5.23990541e-06,
        -9.94838877e-01,  -1.98991556e+00,   9.94983866e-01,
        -1.99007405e+00,  -9.94936544e-01,  -1.13815439e-04,
         2.78538003e-04,   5.12000000e+00,   9.95092283e-01,
         9.95020398e-01,  -9.94942761e-01,   1.98981434e+00,
        -4.39126582e-05,   9.95136028e-01,  -9.95019990e-01,
        -9.94922941e-01,   2.98464825e+00,  -9.95060108e-01,
        -2.98487898e+00,   9.95076772e-01,  -1.61903683e-04,
        -9.11672421e-05,   9.00547470e-05,   9.94781350e-01,
        -1.82350474e-04,   7.88194692e-06,   9.94705763e-01,
         4.85710590e-05,  -2.89926347e-05,  -1.36569635e-04,
        -5.65868782e-06,   1.98984172e+00,  -3.58170272e-04,
         9.95017669e-01,  -6.67792332e-05]), 'Stopping search: , , , , , , , maximum iterations reached --> 600', 110.00999000132735, 600)
INFO:root:Segment number which has global min is 0
INFO:root:Solving the function using standard PSO
INFO:root:PSO result for non-segmented is (array([ -3.47124974e-06,   9.94963228e-01,   9.94954316e-01,
        -1.98992141e+00,  -2.34574877e-06,  -9.94953934e-01,
         9.94973667e-01,   6.25589793e-06,  -9.94952930e-01,
         1.06184880e-05,  -1.98991838e+00,  -1.98990249e+00,
        -4.30672622e-06,  -9.94960772e-01,  -2.98486170e+00,
         1.11032897e-05,   1.98990208e+00,  -9.94961505e-01,
         1.98991160e+00,  -7.13440456e-06,  -2.98484329e+00,
        -1.98989652e+00,   9.94968436e-01,  -1.76908790e-05,
        -9.94961653e-01,  -9.94953062e-01,   2.98484887e+00,
         9.94955080e-01,  -1.98991808e+00,  -5.05561466e-06,
        -9.94962207e-01,   2.47870923e-05,   7.07036257e-06,
         5.12000000e+00,  -1.23750402e-05,  -9.36875856e-06,
         1.28934073e-05,  -1.98992155e+00,  -2.98484512e+00,
         9.94961109e-01,  -9.94960721e-01,  -9.94949808e-01,
        -3.97979707e+00,   2.98484558e+00,   2.51292366e-05,
         9.94939925e-01,   9.94957585e-01,  -9.94964193e-01,
         1.98992440e+00,   2.98484526e+00]), 'Stopping search: , , , , , , , Swarm best objective change less than 1e-08', 152.2993096886394, 547)
INFO:root:Non-segmented PSO global min 152.2993096886394
INFO:root:Solving the function using Segmented PSO
INFO:root:Dimension to be segmented : 26
INFO:root:Segmented PSO global min (array([  9.95112348e-01,  -1.98991466e+00,   9.94638922e-01,
Total number of iterations in PSO Segmented : , , , , , , , 3000
         2.28162006e-04,  -9.95068152e-01,   1.98988432e+00,
(146.89471468561919, 152.2993096886394, 1, 0, 5.404595003020205)
        -9.94936333e-01,   1.51301952e-04,   1.13454503e-04,
         2.94529683e-04,   9.95059361e-01,  -5.40508305e-04,
        -9.94906710e-01,  -9.94848196e-01,   9.94013272e-01,
        -9.95141472e-01,  -9.94761667e-01,  -9.95235334e-01,
        -9.95055125e-01,  -9.95004087e-01,   9.95096945e-01,
        -9.94804232e-01,  -3.28132123e-04,  -8.55824886e-05,
        -2.98484171e+00,  -1.24792882e-05,  -3.07200000e+00,
         1.99033382e+00,  -9.95209024e-01,   9.94992027e-01,
         9.95106321e-01,  -9.94736197e-01,  -2.83439393e-05,
        -5.12000000e+00,   1.81854372e-04,  -1.49664109e-04,
        -1.99058359e+00,  -9.94872551e-01,   9.95032216e-01,
         1.44281090e-04,   9.97756393e-05,  -4.97442679e+00,
         9.94919064e-01,   1.98960144e+00,  -9.95032033e-01,
        -9.95427623e-01,  -6.43015353e-04,   5.12000000e+00,
        -9.95057937e-01,  -6.42990256e-05]), 'Stopping search: , , , , , , , maximum iterations reached --> 600', 146.89471468561919, 600)
INFO:root:Segment number which has global min is 1
INFO:root:Solving the function using standard PSO
INFO:root:PSO result for non-segmented is (array([  1.98990693e+00,  -2.98485746e+00,   3.38585535e-07,
        -1.17490337e-05,   9.94966939e-01,  -9.94958324e-01,
        -8.23578399e-06,   6.56032650e-06,   1.98992417e+00,
        -1.98991067e+00,  -1.23896282e-05,  -9.94943863e-01,
         1.98990882e+00,   4.49057193e-06,  -9.94955369e-01,
         5.67159746e-06,  -1.98991321e+00,  -1.98990972e+00,
        -1.98989242e+00,  -5.12000000e+00,   2.50844830e-06,
         1.98990640e+00,  -2.89713708e-06,   9.37855133e-06,
         4.74039658e-06,   1.98991929e+00,   1.98990867e+00,
         2.98485648e+00,   1.66032926e-05,   9.94963753e-01,
         9.94965701e-01,  -8.25852416e-07,   1.37999196e-05,
        -4.91205614e-06,  -1.98991768e+00,   2.50875399e-06,
        -1.98990722e+00,   9.94969082e-01,  -1.17571216e-06,
         1.25849718e-05,  -3.97980777e+00,  -2.15688471e-06,
        -1.98990974e+00,   2.98485739e+00,  -9.94955102e-01,
         1.98992016e+00,  -9.94952613e-01,  -7.10024030e-06,
         7.69203263e-06,   1.92631958e-05]), 'Stopping search: , , , , , , , Swarm best objective change less than 1e-08', 136.38003014458775, 732)
INFO:root:Non-segmented PSO global min 136.38003014458775
INFO:root:Solving the function using Segmented PSO
INFO:root:Dimension to be segmented : 14
INFO:root:Segmented PSO global min (array([ -9.94959277e-01,  -9.94957831e-01,   1.98990382e+00,
Total number of iterations in PSO Segmented : , , , , , , , 2832
         1.98989857e+00,  -1.98991583e+00,   1.98990965e+00,
(140.59802858944551, 136.38003014458775, 0, 1, -4.2179984448577557)
         9.94942466e-01,  -5.56356804e-06,   9.94957959e-01,
         7.14127638e-06,  -9.94953071e-01,  -1.98990180e+00,
         1.98992171e+00,   1.25321306e-05,  -1.02400000e+00,
         9.94969939e-01,  -1.98991582e+00,  -1.98991152e+00,
         1.25644633e-05,  -9.94976844e-01,   4.00366385e-06,
        -9.94950681e-01,   9.94948541e-01,   1.36052019e-05,
        -3.29053285e-06,  -1.98990719e+00,  -9.94955674e-01,
        -1.98991294e+00,  -1.62519938e-05,  -9.94950163e-01,
         5.12000000e+00,   1.19711509e-05,  -8.23379718e-06,
        -9.94963282e-01,  -9.94966837e-01,  -4.62114009e-06,
         9.94944740e-01,   9.94964960e-01,  -1.98990097e+00,
        -6.42121454e-06,  -9.94947889e-01,  -1.16507552e-05,
        -1.98990252e+00,  -3.63704683e-06,  -1.98991317e+00,
        -9.94960614e-01,   5.12000000e+00,   1.98992027e+00,
         2.90566227e-06,  -2.98485911e+00]), 'Stopping search: , , , , , , , Swarm best objective change less than 1e-08', 140.59802858944551, 589)
INFO:root:Segment number which has global min is 1
INFO:root:Solving the function using standard PSO
INFO:root:PSO result for non-segmented is (array([ -5.12000000e+00,   4.40927669e-07,  -9.94974689e-01,
         5.12000000e+00,   1.22991504e-05,   4.12579532e-07,
        -9.94964298e-01,   1.98992276e+00,   9.94987690e-01,
         9.94966899e-01,  -7.03763070e-06,  -5.62706188e-06,
         1.75867269e-05,  -5.81409676e-06,  -9.94949762e-01,
        -9.94921141e-01,   7.17704467e-06,   9.94960889e-01,
         1.98989409e+00,  -9.94960370e-01,  -2.06833722e-05,
         9.94932991e-01,   9.94956771e-01,  -2.98485192e+00,
         9.94952915e-01,   9.94946470e-01,  -1.66013993e-05,
         3.38365617e-05,   4.36758183e-06,  -9.94968037e-01,
         2.27251475e-05,   9.94952899e-01,  -9.94932030e-01,
         1.88436526e-05,   9.94970807e-01,  -9.94966073e-01,
        -1.98993207e+00,  -5.12000000e+00,   1.98991150e+00,
        -1.98991470e+00,   9.94983318e-01,  -4.97468329e+00,
        -9.94967219e-01,   2.88671721e-05,   1.90016267e-06,
        -1.98988920e+00,   2.98483644e+00,  -1.98991470e+00,
        -9.94971699e-01,  -4.15354893e-06]), 'Stopping search: , , , , , , , Swarm best objective change less than 1e-08', 177.31506834478233, 620)
INFO:root:Non-segmented PSO global min 177.31506834478233
INFO:root:Solving the function using Segmented PSO
INFO:root:Dimension to be segmented : 23
Total number of iterations in PSO Segmented : , , , , , , , 2918
INFO:root:Segmented PSO global min (array([ -1.99064337e+00,  -1.07968712e-04,   1.98895053e+00,
(114.98975146513257, 177.31506834478233, 1, 0, 62.325316879649762)
         6.56767337e-04,   1.62020091e-04,   1.43418762e-03,
         2.98511903e+00,   1.98971638e+00,  -1.59377352e-03,
         5.74827250e-06,  -9.95180657e-01,  -3.88431386e-04,
        -1.99023659e+00,   9.96379937e-01,   5.04130345e-04,
        -9.93840649e-01,  -9.95275334e-01,   1.98981685e+00,
        -9.94958911e-01,  -9.17424205e-04,   5.94781062e-04,
        -1.98989559e+00,  -4.08559660e-04,  -3.07200000e+00,
         1.98903942e+00,  -6.88636772e-04,  -1.98995144e+00,
         1.98938446e+00,   9.95924813e-01,   9.94348299e-01,
         1.98975509e+00,  -9.93391011e-01,   9.94101928e-01,
        -9.95016105e-01,  -1.98878253e+00,  -4.56459850e-04,
         9.94791868e-01,   9.47918639e-04,   9.94711870e-01,
         1.58796741e-03,   9.95266177e-01,   1.15425235e-03,
        -2.32539152e-04,   5.46182426e-05,   5.12000000e+00,
         1.88107862e-04,  -1.98906892e+00,  -9.95315928e-01,
         1.99035558e+00,   9.95474301e-01]), 'Stopping search: , , , , , , , maximum iterations reached --> 600', 114.98975146513257, 600)
INFO:root:Segment number which has global min is 0
INFO:root:Solving the function using standard PSO
INFO:root:PSO result for non-segmented is (array([ -2.98484707e+00,   1.06294297e-06,   3.97977568e+00,
         1.98991077e+00,  -1.98990505e+00,  -4.48615609e-06,
         1.10843544e-06,  -9.94952204e-01,   1.06929654e-06,
        -5.12000000e+00,   9.94951613e-01,  -1.19619143e-05,
        -1.98990492e+00,  -9.94946942e-01,   1.39835910e-05,
         3.97977460e+00,   9.94953362e-01,   9.94961095e-01,
         9.94976577e-01,  -1.98992852e+00,  -9.94956532e-01,
         9.94972693e-01,   8.84061613e-07,   9.94957540e-01,
        -9.94982741e-01,  -1.33469709e-05,  -9.94979665e-01,
         3.77946727e-06,  -9.94982386e-01,  -9.94945648e-01,
         9.94968312e-01,   1.98991916e+00,   3.66815146e-06,
         1.98992263e+00,  -9.94970537e-01,  -5.07745820e-06,
        -8.96899587e-06,   9.94964846e-01,  -1.27292431e-05,
        -2.98486350e+00,  -3.93120609e-06,   1.98990342e+00,
         1.98992295e+00,   1.70271088e-05,   9.94967873e-01,
         2.77977687e-06,  -9.94957084e-01,   9.94959939e-01,
        -2.51645477e-06,  -3.77296663e-06]), 'Stopping search: , , , , , , , Swarm best objective change less than 1e-08', 129.41527641086242, 632)
INFO:root:Non-segmented PSO global min 129.41527641086242
INFO:root:Solving the function using Segmented PSO
INFO:root:Dimension to be segmented : 15
Total number of iterations in PSO Segmented : , , , , , , , 2966
INFO:root:Segmented PSO global min (array([ -9.95125503e-01,  -9.95012403e-01,   1.92489358e-04,
(105.70357513137454, 129.41527641086242, 1, 0, 23.711701279487883)
         9.95050208e-01,   1.99009339e+00,   9.94773898e-01,
        -9.94891838e-01,   9.95022250e-01,  -9.95006641e-01,
        -1.98973927e+00,  -3.56225520e-05,  -9.94997685e-01,
         2.33063626e-05,  -9.95029770e-01,   3.90280004e-06,
        -1.02400000e+00,   8.14728941e-05,  -5.12000000e+00,
         9.95013195e-01,   9.94878867e-01,  -2.98483108e+00,
         9.94981091e-01,   1.99005131e+00,   3.17263871e-05,
        -1.98988511e+00,  -1.98997501e+00,  -6.54544294e-05,
         1.55316401e-05,   9.95080961e-01,   7.93129139e-05,
         2.98501651e+00,  -4.76085658e-05,   1.32421875e-04,
         2.97490687e-05,   3.48967438e-05,  -9.94947906e-01,
         9.94807605e-01,  -5.44752385e-05,  -9.94894261e-01,
        -9.01400768e-05,  -9.95118843e-01,  -9.94785969e-01,
         9.94821253e-01,  -9.95018991e-01,   1.19300364e-04,
         9.95223491e-01,  -9.94987681e-01,   3.45702185e-05,
         2.51851758e-05,  -3.97976784e+00]), 'Stopping search: , , , , , , , maximum iterations reached --> 600', 105.70357513137454, 600)
INFO:root:Segment number which has global min is 1
INFO:root:Solving the function using standard PSO
INFO:root:PSO result for non-segmented is (array([  1.98997305e+00,  -4.35334007e-05,  -9.94969994e-01,
         9.94993267e-01,  -9.94966728e-01,   1.98985345e+00,
        -4.97472185e+00,  -1.98984506e+00,  -1.99000917e+00,
         1.08582248e-04,  -2.96669127e-05,   9.94879932e-01,
        -1.98985833e+00,  -9.94847696e-01,   1.98984818e+00,
        -1.98992811e+00,   5.12000000e+00,   9.94922009e-01,
         1.98990696e+00,  -1.98996132e+00,  -4.08091475e-05,
        -8.97247081e-06,   5.82433908e-06,   1.20156667e-04,
         4.89275296e-05,  -1.98988980e+00,  -4.97474417e+00,
        -1.98993888e+00,  -1.99007106e+00,   9.95018856e-01,
         9.94839417e-01,   8.43123478e-05,   9.94944349e-01,
        -1.98995171e+00,   1.98964861e+00,   9.95011665e-01,
         9.94982462e-01,   9.94932232e-01,  -3.71278287e-05,
        -9.94975128e-01,   1.12291439e-04,  -1.98988286e+00,
         9.94869512e-01,   2.98488454e+00,   9.95037991e-01,
         4.53868729e-06,   1.99015876e+00,  -1.53826124e-04,
         1.98993196e+00,   9.94768933e-01]), 'Stopping search: , , , , , , , Swarm best objective change less than 1e-08', 171.20330863356523, 585)
INFO:root:Non-segmented PSO global min 171.20330863356523
INFO:root:Solving the function using Segmented PSO
INFO:root:Dimension to be segmented : 39
INFO:root:Segmented PSO global min (array([  1.99022424e+00,  -9.95191430e-01,  -7.67515946e-04,
Total number of iterations in PSO Segmented : , , , , , , , 2908
         9.95468398e-01,   6.01529307e-04,  -4.73463633e-04,
(139.79075464555407, 171.20330863356523, 1, 0, 31.412553988011155)
         9.96056939e-01,   4.90833308e-04,   9.95252401e-01,
         7.20552873e-05,   1.00765465e-03,   1.98977356e+00,
         9.94174601e-01,   1.99005712e+00,   1.31528413e-04,
        -3.98077045e+00,  -9.93798046e-01,   5.39280550e-04,
         8.42217290e-04,  -1.04483540e-03,   1.98948009e+00,
         2.98426994e+00,   4.97307215e+00,  -9.93778646e-01,
         9.97490464e-05,   9.95153438e-01,   1.99000931e+00,
        -1.36999056e-04,  -9.94008896e-01,  -9.95143042e-01,
        -1.99034123e+00,  -9.94760982e-01,   3.97937277e+00,
         9.94712006e-01,  -9.95390722e-01,   1.98940002e+00,
        -2.98425889e+00,  -9.95197580e-01,  -9.94995971e-01,
        -3.07200000e+00,  -2.36173007e-04,  -9.94851548e-01,
         8.09211740e-04,   2.98418990e+00,   2.60843869e-04,
         1.23813282e-04,   4.43848748e-04,  -9.94437764e-01,
         9.94942509e-01,  -1.38562776e-04]), 'Stopping search: , , , , , , , maximum iterations reached --> 600', 139.79075464555407, 600)
INFO:root:Segment number which has global min is 1
INFO:root:Solving the function using standard PSO
INFO:root:PSO result for non-segmented is (array([ -9.94959113e-01,   9.94940403e-01,  -5.44104612e-06,
        -1.98992485e+00,  -5.12000000e+00,  -1.20578567e-05,
         1.98991732e+00,  -4.97466575e+00,   9.94948359e-01,
         3.97978295e+00,   9.94950744e-01,   6.47595766e-06,
        -1.68766233e-06,  -9.94972258e-01,  -3.81516729e-06,
         7.54194494e-06,   7.85280818e-06,  -9.94970509e-01,
        -1.98991570e+00,   9.94960553e-01,   9.94958197e-01,
         9.94937429e-01,  -3.97978900e+00,  -9.94968801e-01,
        -5.12000000e+00,   9.94951584e-01,  -9.94946635e-01,
        -9.94953733e-01,   9.94991586e-01,   1.98991644e+00,
         1.98992549e+00,   9.94962677e-01,   1.98991539e+00,
        -1.98991110e+00,  -2.98485528e+00,  -9.94961498e-01,
        -1.98991810e+00,  -4.20310843e-06,  -5.91929883e-06,
        -9.94960025e-01,  -1.39469345e-05,   9.94951771e-01,
         3.97978603e+00,  -7.35605769e-06,  -9.94949378e-01,
         1.52974848e-05,   9.94943855e-01,   9.94962108e-01,
         1.98991232e+00,  -9.94965487e-01]), 'Stopping search: , , , , , , , Swarm best objective change less than 1e-08', 197.14306399326557, 838)
INFO:root:Non-segmented PSO global min 197.14306399326557
INFO:root:Solving the function using Segmented PSO
INFO:root:Dimension to be segmented : 42
Total number of iterations in PSO Segmented : , , , , , , , 3000
INFO:root:Segmented PSO global min (array([  9.94906511e-01,   9.94939422e-01,  -1.98992197e+00,
(185.69729883291583, 197.14306399326557, 1, 0, 11.445765160349737)
        -9.94951658e-01,   1.55824947e-05,   9.94804635e-01,
         3.97975580e+00,   2.98478028e+00,  -9.94945769e-01,
         1.99000606e+00,   5.38798867e-05,   1.98993973e+00,
         1.73558668e-05,  -1.24602754e-04,   5.12000000e+00,
         4.97486217e+00,  -1.98991830e+00,  -5.02492944e-05,
        -9.95006333e-01,   1.98994935e+00,  -9.94942729e-01,
         2.98493624e+00,  -2.98483664e+00,  -7.70034311e-05,
         9.94862994e-01,   5.29049058e-05,  -9.95047831e-01,
         1.72288386e-04,   4.50674096e-05,   9.94773278e-01,
        -9.95044143e-01,  -1.02304510e-04,   2.19788605e-05,
        -6.85120574e-05,  -7.21416043e-05,   1.02579808e-04,
        -9.94872172e-01,  -9.94925190e-01,   9.94973086e-01,
         9.94893250e-01,  -9.95040386e-01,   1.99000299e+00,
         3.07200000e+00,   9.94898041e-01,  -9.11757653e-05,
         5.12000000e+00,  -1.98991118e+00,  -3.47058111e-05,
         9.95040870e-01,   1.98984770e+00]), 'Stopping search: , , , , , , , maximum iterations reached --> 600', 185.69729883291583, 600)
INFO:root:Segment number which has global min is 4

Process finished with exit code 0
